{"C:\\Coding Projects\\NUSMods Plus\\nusmods-planner\\src\\config\\grades.ts": {"path":"C:\\Coding Projects\\NUSMods Plus\\nusmods-planner\\src\\config\\grades.ts","statementMap":{"0":{"start":{"line":9,"column":65},"end":{"line":31,"column":null}},"1":{"start":{"line":34,"column":32},"end":{"line":34,"column":null}}},"fnMap":{},"branchMap":{},"s":{"0":1,"1":1},"f":{},"b":{},"meta":{"lastBranch":0,"lastFunction":0,"lastStatement":2,"seen":{"s:9:65:31:Infinity":0,"s:34:32:34:Infinity":1},"fnNames":{}}}
,"C:\\Coding Projects\\NUSMods Plus\\nusmods-planner\\src\\utils\\plannerUtils\\gpaCalculator.ts": {"path":"C:\\Coding Projects\\NUSMods Plus\\nusmods-planner\\src\\utils\\plannerUtils\\gpaCalculator.ts","statementMap":{"0":{"start":{"line":12,"column":29},"end":{"line":12,"column":null}},"1":{"start":{"line":13,"column":28},"end":{"line":13,"column":null}},"2":{"start":{"line":14,"column":30},"end":{"line":14,"column":null}},"3":{"start":{"line":15,"column":22},"end":{"line":15,"column":null}},"4":{"start":{"line":17,"column":4},"end":{"line":43,"column":null}},"5":{"start":{"line":19,"column":8},"end":{"line":19,"column":null}},"6":{"start":{"line":19,"column":34},"end":{"line":19,"column":null}},"7":{"start":{"line":22,"column":8},"end":{"line":24,"column":null}},"8":{"start":{"line":23,"column":12},"end":{"line":23,"column":null}},"9":{"start":{"line":26,"column":25},"end":{"line":26,"column":null}},"10":{"start":{"line":28,"column":8},"end":{"line":28,"column":null}},"11":{"start":{"line":28,"column":23},"end":{"line":28,"column":null}},"12":{"start":{"line":31,"column":8},"end":{"line":34,"column":null}},"13":{"start":{"line":32,"column":12},"end":{"line":32,"column":null}},"14":{"start":{"line":33,"column":12},"end":{"line":33,"column":null}},"15":{"start":{"line":36,"column":8},"end":{"line":38,"column":null}},"16":{"start":{"line":37,"column":12},"end":{"line":37,"column":null}},"17":{"start":{"line":40,"column":8},"end":{"line":42,"column":null}},"18":{"start":{"line":41,"column":12},"end":{"line":41,"column":null}},"19":{"start":{"line":45,"column":29},"end":{"line":45,"column":null}},"20":{"start":{"line":46,"column":4},"end":{"line":48,"column":null}},"21":{"start":{"line":47,"column":8},"end":{"line":47,"column":null}},"22":{"start":{"line":50,"column":4},"end":{"line":55,"column":null}}},"fnMap":{"0":{"name":"calculateStatistics","decl":{"start":{"line":11,"column":16},"end":{"line":11,"column":36}},"loc":{"start":{"line":11,"column":73},"end":{"line":56,"column":null}},"line":11},"1":{"name":"(anonymous_1)","decl":{"start":{"line":17,"column":12},"end":{"line":17,"column":21}},"loc":{"start":{"line":17,"column":29},"end":{"line":43,"column":5}},"line":17}},"branchMap":{"0":{"loc":{"start":{"line":19,"column":8},"end":{"line":19,"column":null}},"type":"if","locations":[{"start":{"line":19,"column":8},"end":{"line":19,"column":null}},{"start":{},"end":{}}],"line":19},"1":{"loc":{"start":{"line":22,"column":8},"end":{"line":24,"column":null}},"type":"if","locations":[{"start":{"line":22,"column":8},"end":{"line":24,"column":null}},{"start":{},"end":{}}],"line":22},"2":{"loc":{"start":{"line":28,"column":8},"end":{"line":28,"column":null}},"type":"if","locations":[{"start":{"line":28,"column":8},"end":{"line":28,"column":null}},{"start":{},"end":{}}],"line":28},"3":{"loc":{"start":{"line":31,"column":8},"end":{"line":34,"column":null}},"type":"if","locations":[{"start":{"line":31,"column":8},"end":{"line":34,"column":null}},{"start":{},"end":{}}],"line":31},"4":{"loc":{"start":{"line":36,"column":8},"end":{"line":38,"column":null}},"type":"if","locations":[{"start":{"line":36,"column":8},"end":{"line":38,"column":null}},{"start":{},"end":{}}],"line":36},"5":{"loc":{"start":{"line":40,"column":8},"end":{"line":42,"column":null}},"type":"if","locations":[{"start":{"line":40,"column":8},"end":{"line":42,"column":null}},{"start":{},"end":{}}],"line":40},"6":{"loc":{"start":{"line":46,"column":4},"end":{"line":48,"column":null}},"type":"if","locations":[{"start":{"line":46,"column":4},"end":{"line":48,"column":null}},{"start":{},"end":{}}],"line":46}},"s":{"0":8,"1":8,"2":8,"3":8,"4":8,"5":14,"6":1,"7":13,"8":1,"9":12,"10":12,"11":0,"12":12,"13":7,"14":7,"15":12,"16":10,"17":12,"18":2,"19":8,"20":8,"21":5,"22":8},"f":{"0":8,"1":14},"b":{"0":[1,13],"1":[1,12],"2":[0,12],"3":[7,5],"4":[10,2],"5":[2,10],"6":[5,3]},"meta":{"lastBranch":7,"lastFunction":2,"lastStatement":23,"seen":{"f:11:16:11:36":0,"s:12:29:12:Infinity":0,"s:13:28:13:Infinity":1,"s:14:30:14:Infinity":2,"s:15:22:15:Infinity":3,"s:17:4:43:Infinity":4,"f:17:12:17:21":1,"b:19:8:19:Infinity:undefined:undefined:undefined:undefined":0,"s:19:8:19:Infinity":5,"s:19:34:19:Infinity":6,"b:22:8:24:Infinity:undefined:undefined:undefined:undefined":1,"s:22:8:24:Infinity":7,"s:23:12:23:Infinity":8,"s:26:25:26:Infinity":9,"b:28:8:28:Infinity:undefined:undefined:undefined:undefined":2,"s:28:8:28:Infinity":10,"s:28:23:28:Infinity":11,"b:31:8:34:Infinity:undefined:undefined:undefined:undefined":3,"s:31:8:34:Infinity":12,"s:32:12:32:Infinity":13,"s:33:12:33:Infinity":14,"b:36:8:38:Infinity:undefined:undefined:undefined:undefined":4,"s:36:8:38:Infinity":15,"s:37:12:37:Infinity":16,"b:40:8:42:Infinity:undefined:undefined:undefined:undefined":5,"s:40:8:42:Infinity":17,"s:41:12:41:Infinity":18,"s:45:29:45:Infinity":19,"b:46:4:48:Infinity:undefined:undefined:undefined:undefined":6,"s:46:4:48:Infinity":20,"s:47:8:47:Infinity":21,"s:50:4:55:Infinity":22},"fnNames":{}}}
,"C:\\Coding Projects\\NUSMods Plus\\nusmods-planner\\src\\utils\\plannerUtils\\semesterKeyUtils.ts": {"path":"C:\\Coding Projects\\NUSMods Plus\\nusmods-planner\\src\\utils\\plannerUtils\\semesterKeyUtils.ts","statementMap":{"0":{"start":{"line":1,"column":29},"end":{"line":1,"column":null}},"1":{"start":{"line":2,"column":31},"end":{"line":2,"column":null}},"2":{"start":{"line":5,"column":37},"end":{"line":5,"column":null}},"3":{"start":{"line":8,"column":30},"end":{"line":16,"column":null}},"4":{"start":{"line":19,"column":57},"end":{"line":27,"column":null}},"5":{"start":{"line":30,"column":65},"end":{"line":32,"column":null}},"6":{"start":{"line":31,"column":60},"end":{"line":31,"column":72}},"7":{"start":{"line":35,"column":23},"end":{"line":35,"column":null}},"8":{"start":{"line":36,"column":23},"end":{"line":36,"column":null}},"9":{"start":{"line":40,"column":4},"end":{"line":43,"column":null}},"10":{"start":{"line":48,"column":29},"end":{"line":50,"column":null}},"11":{"start":{"line":49,"column":4},"end":{"line":49,"column":null}},"12":{"start":{"line":54,"column":4},"end":{"line":54,"column":null}},"13":{"start":{"line":54,"column":39},"end":{"line":54,"column":null}},"14":{"start":{"line":57,"column":4},"end":{"line":57,"column":null}},"15":{"start":{"line":57,"column":49},"end":{"line":57,"column":77}},"16":{"start":{"line":62,"column":4},"end":{"line":62,"column":null}},"17":{"start":{"line":66,"column":4},"end":{"line":66,"column":null}},"18":{"start":{"line":71,"column":4},"end":{"line":71,"column":null}},"19":{"start":{"line":71,"column":29},"end":{"line":71,"column":null}},"20":{"start":{"line":73,"column":18},"end":{"line":73,"column":null}},"21":{"start":{"line":75,"column":4},"end":{"line":78,"column":null}},"22":{"start":{"line":76,"column":8},"end":{"line":76,"column":null}},"23":{"start":{"line":77,"column":8},"end":{"line":77,"column":null}},"24":{"start":{"line":80,"column":4},"end":{"line":83,"column":null}},"25":{"start":{"line":88,"column":4},"end":{"line":90,"column":null}},"26":{"start":{"line":89,"column":8},"end":{"line":89,"column":null}},"27":{"start":{"line":92,"column":19},"end":{"line":92,"column":null}},"28":{"start":{"line":94,"column":4},"end":{"line":96,"column":null}},"29":{"start":{"line":95,"column":8},"end":{"line":95,"column":null}},"30":{"start":{"line":98,"column":4},"end":{"line":98,"column":null}},"31":{"start":{"line":104,"column":4},"end":{"line":104,"column":null}},"32":{"start":{"line":104,"column":31},"end":{"line":104,"column":null}},"33":{"start":{"line":106,"column":23},"end":{"line":106,"column":null}},"34":{"start":{"line":107,"column":23},"end":{"line":107,"column":null}},"35":{"start":{"line":110,"column":4},"end":{"line":110,"column":null}},"36":{"start":{"line":116,"column":4},"end":{"line":116,"column":null}},"37":{"start":{"line":116,"column":39},"end":{"line":116,"column":null}},"38":{"start":{"line":118,"column":31},"end":{"line":118,"column":null}},"39":{"start":{"line":119,"column":44},"end":{"line":126,"column":null}},"40":{"start":{"line":127,"column":4},"end":{"line":127,"column":null}}},"fnMap":{"0":{"name":"(anonymous_0)","decl":{"start":{"line":31,"column":38},"end":{"line":31,"column":43}},"loc":{"start":{"line":31,"column":60},"end":{"line":31,"column":72}},"line":31},"1":{"name":"isUnvalidatedSemesterCode","decl":{"start":{"line":39,"column":16},"end":{"line":39,"column":42}},"loc":{"start":{"line":39,"column":73},"end":{"line":45,"column":null}},"line":39},"2":{"name":"(anonymous_2)","decl":{"start":{"line":48,"column":60},"end":{"line":48,"column":68}},"loc":{"start":{"line":49,"column":4},"end":{"line":49,"column":null}},"line":49},"3":{"name":"isUnvalidatedSemesterKey","decl":{"start":{"line":53,"column":16},"end":{"line":53,"column":41}},"loc":{"start":{"line":53,"column":71},"end":{"line":58,"column":null}},"line":53},"4":{"name":"(anonymous_4)","decl":{"start":{"line":57,"column":32},"end":{"line":57,"column":38}},"loc":{"start":{"line":57,"column":49},"end":{"line":57,"column":77}},"line":57},"5":{"name":"isExemptionKey","decl":{"start":{"line":61,"column":16},"end":{"line":61,"column":31}},"loc":{"start":{"line":61,"column":61},"end":{"line":63,"column":null}},"line":61},"6":{"name":"isExemptionYearSemValue","decl":{"start":{"line":65,"column":16},"end":{"line":65,"column":40}},"loc":{"start":{"line":65,"column":72},"end":{"line":67,"column":null}},"line":65},"7":{"name":"parseSemesterKey","decl":{"start":{"line":70,"column":16},"end":{"line":70,"column":33}},"loc":{"start":{"line":70,"column":82},"end":{"line":84,"column":null}},"line":70},"8":{"name":"buildKeyFromDB","decl":{"start":{"line":87,"column":16},"end":{"line":87,"column":31}},"loc":{"start":{"line":87,"column":71},"end":{"line":99,"column":null}},"line":87},"9":{"name":"isCustomSemesterKey","decl":{"start":{"line":102,"column":16},"end":{"line":102,"column":36}},"loc":{"start":{"line":102,"column":58},"end":{"line":111,"column":null}},"line":102},"10":{"name":"formatSemesterKeyReadable","decl":{"start":{"line":115,"column":16},"end":{"line":115,"column":42}},"loc":{"start":{"line":115,"column":71},"end":{"line":128,"column":null}},"line":115}},"branchMap":{"0":{"loc":{"start":{"line":41,"column":8},"end":{"line":43,"column":null}},"type":"binary-expr","locations":[{"start":{"line":41,"column":8},"end":{"line":41,"column":null}},{"start":{"line":42,"column":8},"end":{"line":42,"column":null}},{"start":{"line":43,"column":8},"end":{"line":43,"column":null}}],"line":41},"1":{"loc":{"start":{"line":54,"column":4},"end":{"line":54,"column":null}},"type":"if","locations":[{"start":{"line":54,"column":4},"end":{"line":54,"column":null}},{"start":{},"end":{}}],"line":54},"2":{"loc":{"start":{"line":66,"column":11},"end":{"line":66,"column":null}},"type":"binary-expr","locations":[{"start":{"line":66,"column":11},"end":{"line":66,"column":39}},{"start":{"line":66,"column":39},"end":{"line":66,"column":null}}],"line":66},"3":{"loc":{"start":{"line":71,"column":4},"end":{"line":71,"column":null}},"type":"if","locations":[{"start":{"line":71,"column":4},"end":{"line":71,"column":null}},{"start":{},"end":{}}],"line":71},"4":{"loc":{"start":{"line":75,"column":4},"end":{"line":78,"column":null}},"type":"if","locations":[{"start":{"line":75,"column":4},"end":{"line":78,"column":null}},{"start":{},"end":{}}],"line":75},"5":{"loc":{"start":{"line":88,"column":4},"end":{"line":90,"column":null}},"type":"if","locations":[{"start":{"line":88,"column":4},"end":{"line":90,"column":null}},{"start":{},"end":{}}],"line":88},"6":{"loc":{"start":{"line":88,"column":8},"end":{"line":88,"column":76}},"type":"binary-expr","locations":[{"start":{"line":88,"column":8},"end":{"line":88,"column":36}},{"start":{"line":88,"column":36},"end":{"line":88,"column":76}}],"line":88},"7":{"loc":{"start":{"line":94,"column":4},"end":{"line":96,"column":null}},"type":"if","locations":[{"start":{"line":94,"column":4},"end":{"line":96,"column":null}},{"start":{},"end":{}}],"line":94},"8":{"loc":{"start":{"line":104,"column":4},"end":{"line":104,"column":null}},"type":"if","locations":[{"start":{"line":104,"column":4},"end":{"line":104,"column":null}},{"start":{},"end":{}}],"line":104},"9":{"loc":{"start":{"line":110,"column":11},"end":{"line":110,"column":null}},"type":"binary-expr","locations":[{"start":{"line":110,"column":11},"end":{"line":110,"column":40}},{"start":{"line":110,"column":40},"end":{"line":110,"column":null}}],"line":110},"10":{"loc":{"start":{"line":116,"column":4},"end":{"line":116,"column":null}},"type":"if","locations":[{"start":{"line":116,"column":4},"end":{"line":116,"column":null}},{"start":{},"end":{}}],"line":116},"11":{"loc":{"start":{"line":127,"column":27},"end":{"line":127,"column":null}},"type":"binary-expr","locations":[{"start":{"line":127,"column":27},"end":{"line":127,"column":48}},{"start":{"line":127,"column":48},"end":{"line":127,"column":null}}],"line":127}},"s":{"0":1,"1":1,"2":1,"3":1,"4":1,"5":1,"6":7,"7":1,"8":1,"9":7,"10":1,"11":7,"12":6,"13":1,"14":5,"15":14,"16":9,"17":0,"18":9,"19":1,"20":8,"21":8,"22":2,"23":2,"24":6,"25":3,"26":0,"27":3,"28":3,"29":1,"30":2,"31":0,"32":0,"33":0,"34":0,"35":0,"36":3,"37":1,"38":2,"39":2,"40":2},"f":{"0":7,"1":7,"2":7,"3":6,"4":14,"5":9,"6":0,"7":9,"8":3,"9":0,"10":3},"b":{"0":[7,6,5],"1":[1,5],"2":[0,0],"3":[1,8],"4":[2,6],"5":[0,3],"6":[3,0],"7":[1,2],"8":[0,0],"9":[0,0],"10":[1,2],"11":[2,0]},"meta":{"lastBranch":12,"lastFunction":11,"lastStatement":41,"seen":{"s:1:29:1:Infinity":0,"s:2:31:2:Infinity":1,"s:5:37:5:Infinity":2,"s:8:30:16:Infinity":3,"s:19:57:27:Infinity":4,"s:30:65:32:Infinity":5,"f:31:38:31:43":0,"s:31:60:31:72":6,"s:35:23:35:Infinity":7,"s:36:23:36:Infinity":8,"f:39:16:39:42":1,"s:40:4:43:Infinity":9,"b:41:8:41:Infinity:42:8:42:Infinity:43:8:43:Infinity":0,"s:48:29:50:Infinity":10,"f:48:60:48:68":2,"s:49:4:49:Infinity":11,"f:53:16:53:41":3,"b:54:4:54:Infinity:undefined:undefined:undefined:undefined":1,"s:54:4:54:Infinity":12,"s:54:39:54:Infinity":13,"s:57:4:57:Infinity":14,"f:57:32:57:38":4,"s:57:49:57:77":15,"f:61:16:61:31":5,"s:62:4:62:Infinity":16,"f:65:16:65:40":6,"s:66:4:66:Infinity":17,"b:66:11:66:39:66:39:66:Infinity":2,"f:70:16:70:33":7,"b:71:4:71:Infinity:undefined:undefined:undefined:undefined":3,"s:71:4:71:Infinity":18,"s:71:29:71:Infinity":19,"s:73:18:73:Infinity":20,"b:75:4:78:Infinity:undefined:undefined:undefined:undefined":4,"s:75:4:78:Infinity":21,"s:76:8:76:Infinity":22,"s:77:8:77:Infinity":23,"s:80:4:83:Infinity":24,"f:87:16:87:31":8,"b:88:4:90:Infinity:undefined:undefined:undefined:undefined":5,"s:88:4:90:Infinity":25,"b:88:8:88:36:88:36:88:76":6,"s:89:8:89:Infinity":26,"s:92:19:92:Infinity":27,"b:94:4:96:Infinity:undefined:undefined:undefined:undefined":7,"s:94:4:96:Infinity":28,"s:95:8:95:Infinity":29,"s:98:4:98:Infinity":30,"f:102:16:102:36":9,"b:104:4:104:Infinity:undefined:undefined:undefined:undefined":8,"s:104:4:104:Infinity":31,"s:104:31:104:Infinity":32,"s:106:23:106:Infinity":33,"s:107:23:107:Infinity":34,"s:110:4:110:Infinity":35,"b:110:11:110:40:110:40:110:Infinity":9,"f:115:16:115:42":10,"b:116:4:116:Infinity:undefined:undefined:undefined:undefined":10,"s:116:4:116:Infinity":36,"s:116:39:116:Infinity":37,"s:118:31:118:Infinity":38,"s:119:44:126:Infinity":39,"s:127:4:127:Infinity":40,"b:127:27:127:48:127:48:127:Infinity":11},"fnNames":{}}}
}
