{
    "C:\\Coding Projects\\NUSMods Plus\\nusmods-planner\\src\\components\\PreRequisiteComponents\\PreReqTree.tsx": {
        "path": "C:\\Coding Projects\\NUSMods Plus\\nusmods-planner\\src\\components\\PreRequisiteComponents\\PreReqTree.tsx",
        "statementMap": {
            "0": { "start": { "line": 35, "column": 4 }, "end": { "line": 54, "column": null } },
            "1": { "start": { "line": 36, "column": 8 }, "end": { "line": 52, "column": null } },
            "2": { "start": { "line": 58, "column": 4 }, "end": { "line": 79, "column": null } },
            "3": { "start": { "line": 60, "column": 12 }, "end": { "line": 65, "column": null } },
            "4": { "start": { "line": 68, "column": 12 }, "end": { "line": 68, "column": null } },
            "5": { "start": { "line": 70, "column": 12 }, "end": { "line": 75, "column": null } },
            "6": { "start": { "line": 78, "column": 12 }, "end": { "line": 78, "column": null } }
        },
        "fnMap": {
            "0": {
                "name": "PreReqTree",
                "decl": {
                    "start": { "line": 26, "column": 24 },
                    "end": { "line": 26, "column": 35 }
                },
                "loc": {
                    "start": { "line": 31, "column": 20 },
                    "end": { "line": 80, "column": null }
                },
                "line": 31
            }
        },
        "branchMap": {
            "0": {
                "loc": {
                    "start": { "line": 28, "column": 4 },
                    "end": { "line": 28, "column": null }
                },
                "type": "default-arg",
                "locations": [
                    { "start": { "line": 28, "column": 13 }, "end": { "line": 28, "column": null } }
                ],
                "line": 28
            },
            "1": {
                "loc": {
                    "start": { "line": 30, "column": 4 },
                    "end": { "line": 30, "column": null }
                },
                "type": "default-arg",
                "locations": [
                    { "start": { "line": 30, "column": 23 }, "end": { "line": 30, "column": null } }
                ],
                "line": 30
            },
            "2": {
                "loc": {
                    "start": { "line": 35, "column": 4 },
                    "end": { "line": 54, "column": null }
                },
                "type": "if",
                "locations": [
                    { "start": { "line": 35, "column": 4 }, "end": { "line": 54, "column": null } },
                    { "start": {}, "end": {} }
                ],
                "line": 35
            },
            "3": {
                "loc": {
                    "start": { "line": 38, "column": 17 },
                    "end": { "line": 45, "column": 22 }
                },
                "type": "binary-expr",
                "locations": [
                    {
                        "start": { "line": 38, "column": 17 },
                        "end": { "line": 38, "column": null }
                    },
                    { "start": { "line": 39, "column": 20 }, "end": { "line": 45, "column": 22 } }
                ],
                "line": 38
            },
            "4": {
                "loc": {
                    "start": { "line": 45, "column": 17 },
                    "end": { "line": 52, "column": null }
                },
                "type": "binary-expr",
                "locations": [
                    {
                        "start": { "line": 45, "column": 17 },
                        "end": { "line": 45, "column": null }
                    },
                    { "start": { "line": 46, "column": 20 }, "end": { "line": 52, "column": null } }
                ],
                "line": 45
            },
            "5": {
                "loc": {
                    "start": { "line": 58, "column": 4 },
                    "end": { "line": 79, "column": null }
                },
                "type": "switch",
                "locations": [
                    { "start": { "line": 59, "column": 8 }, "end": { "line": 65, "column": null } },
                    { "start": { "line": 67, "column": 8 }, "end": { "line": 68, "column": null } },
                    { "start": { "line": 69, "column": 8 }, "end": { "line": 75, "column": null } },
                    { "start": { "line": 77, "column": 8 }, "end": { "line": 78, "column": null } }
                ],
                "line": 58
            }
        },
        "s": { "0": 3, "1": 2, "2": 1, "3": 0, "4": 1, "5": 0, "6": 0 },
        "f": { "0": 3 },
        "b": { "0": [3], "1": [3], "2": [2, 1], "3": [2, 1], "4": [2, 1], "5": [0, 1, 0, 0] },
        "meta": {
            "lastBranch": 6,
            "lastFunction": 1,
            "lastStatement": 7,
            "seen": {
                "f:26:24:26:35": 0,
                "b:28:13:28:Infinity": 0,
                "b:30:23:30:Infinity": 1,
                "b:35:4:54:Infinity:undefined:undefined:undefined:undefined": 2,
                "s:35:4:54:Infinity": 0,
                "s:36:8:52:Infinity": 1,
                "b:38:17:38:Infinity:39:20:45:22": 3,
                "b:45:17:45:Infinity:46:20:52:Infinity": 4,
                "b:59:8:65:Infinity:67:8:68:Infinity:69:8:75:Infinity:77:8:78:Infinity": 5,
                "s:58:4:79:Infinity": 2,
                "s:60:12:65:Infinity": 3,
                "s:68:12:68:Infinity": 4,
                "s:70:12:75:Infinity": 5,
                "s:78:12:78:Infinity": 6
            },
            "fnNames": {}
        }
    },
    "C:\\Coding Projects\\NUSMods Plus\\nusmods-planner\\src\\components\\PreRequisiteComponents\\NodeRenderers\\BranchRenderer.tsx": {
        "path": "C:\\Coding Projects\\NUSMods Plus\\nusmods-planner\\src\\components\\PreRequisiteComponents\\NodeRenderers\\BranchRenderer.tsx",
        "statementMap": {
            "0": { "start": { "line": 22, "column": 22 }, "end": { "line": 22, "column": null } },
            "1": { "start": { "line": 23, "column": 24 }, "end": { "line": 23, "column": null } },
            "2": { "start": { "line": 28, "column": 28 }, "end": { "line": 28, "column": null } },
            "3": { "start": { "line": 30, "column": 8 }, "end": { "line": 33, "column": null } },
            "4": { "start": { "line": 36, "column": 18 }, "end": { "line": 36, "column": null } },
            "5": { "start": { "line": 39, "column": 27 }, "end": { "line": 39, "column": null } },
            "6": { "start": { "line": 44, "column": 10 }, "end": { "line": 50, "column": null } },
            "7": { "start": { "line": 45, "column": 8 }, "end": { "line": 45, "column": null } },
            "8": { "start": { "line": 45, "column": 30 }, "end": { "line": 45, "column": null } },
            "9": { "start": { "line": 46, "column": 8 }, "end": { "line": 48, "column": null } },
            "10": { "start": { "line": 47, "column": 12 }, "end": { "line": 47, "column": null } },
            "11": { "start": { "line": 49, "column": 8 }, "end": { "line": 49, "column": null } },
            "12": { "start": { "line": 55, "column": 30 }, "end": { "line": 55, "column": null } },
            "13": { "start": { "line": 55, "column": 60 }, "end": { "line": 55, "column": 88 } },
            "14": { "start": { "line": 57, "column": 8 }, "end": { "line": 59, "column": null } },
            "15": { "start": { "line": 58, "column": 49 }, "end": { "line": 58, "column": 84 } },
            "16": { "start": { "line": 65, "column": 4 }, "end": { "line": 108, "column": null } },
            "17": { "start": { "line": 86, "column": 24 }, "end": { "line": 104, "column": null } },
            "18": { "start": { "line": 100, "column": 36 }, "end": { "line": 100, "column": null } }
        },
        "fnMap": {
            "0": {
                "name": "BranchRenderer",
                "decl": {
                    "start": { "line": 15, "column": 24 },
                    "end": { "line": 15, "column": 39 }
                },
                "loc": {
                    "start": { "line": 19, "column": 24 },
                    "end": { "line": 110, "column": null }
                },
                "line": 19
            },
            "1": {
                "name": "(anonymous_1)",
                "decl": {
                    "start": { "line": 44, "column": 10 },
                    "end": { "line": 44, "column": 31 }
                },
                "loc": {
                    "start": { "line": 44, "column": 73 },
                    "end": { "line": 50, "column": null }
                },
                "line": 44
            },
            "2": {
                "name": "(anonymous_2)",
                "decl": {
                    "start": { "line": 55, "column": 39 },
                    "end": { "line": 55, "column": 44 }
                },
                "loc": {
                    "start": { "line": 55, "column": 60 },
                    "end": { "line": 55, "column": 88 }
                },
                "line": 55
            },
            "3": {
                "name": "(anonymous_3)",
                "decl": {
                    "start": { "line": 58, "column": 32 },
                    "end": { "line": 58, "column": 40 }
                },
                "loc": {
                    "start": { "line": 58, "column": 49 },
                    "end": { "line": 58, "column": 84 }
                },
                "line": 58
            },
            "4": {
                "name": "(anonymous_4)",
                "decl": {
                    "start": { "line": 85, "column": 38 },
                    "end": { "line": 85, "column": 43 }
                },
                "loc": {
                    "start": { "line": 86, "column": 24 },
                    "end": { "line": 104, "column": null }
                },
                "line": 86
            },
            "5": {
                "name": "(anonymous_5)",
                "decl": {
                    "start": { "line": 99, "column": 32 },
                    "end": { "line": 99, "column": 49 }
                },
                "loc": {
                    "start": { "line": 100, "column": 36 },
                    "end": { "line": 100, "column": null }
                },
                "line": 100
            }
        },
        "branchMap": {
            "0": {
                "loc": {
                    "start": { "line": 18, "column": 4 },
                    "end": { "line": 18, "column": null }
                },
                "type": "default-arg",
                "locations": [
                    { "start": { "line": 18, "column": 23 }, "end": { "line": 18, "column": null } }
                ],
                "line": 18
            },
            "1": {
                "loc": {
                    "start": { "line": 22, "column": 22 },
                    "end": { "line": 22, "column": null }
                },
                "type": "binary-expr",
                "locations": [
                    { "start": { "line": 22, "column": 22 }, "end": { "line": 22, "column": 34 } },
                    { "start": { "line": 22, "column": 34 }, "end": { "line": 22, "column": 45 } },
                    { "start": { "line": 22, "column": 45 }, "end": { "line": 22, "column": null } }
                ],
                "line": 22
            },
            "2": {
                "loc": {
                    "start": { "line": 30, "column": 8 },
                    "end": { "line": 33, "column": null }
                },
                "type": "binary-expr",
                "locations": [
                    { "start": { "line": 30, "column": 8 }, "end": { "line": 30, "column": null } },
                    { "start": { "line": 31, "column": 9 }, "end": { "line": 31, "column": null } },
                    {
                        "start": { "line": 32, "column": 12 },
                        "end": { "line": 32, "column": null }
                    },
                    { "start": { "line": 33, "column": 12 }, "end": { "line": 33, "column": null } }
                ],
                "line": 30
            },
            "3": {
                "loc": {
                    "start": { "line": 36, "column": 18 },
                    "end": { "line": 36, "column": null }
                },
                "type": "binary-expr",
                "locations": [
                    { "start": { "line": 36, "column": 18 }, "end": { "line": 36, "column": 33 } },
                    { "start": { "line": 36, "column": 33 }, "end": { "line": 36, "column": null } }
                ],
                "line": 36
            },
            "4": {
                "loc": {
                    "start": { "line": 36, "column": 33 },
                    "end": { "line": 36, "column": null }
                },
                "type": "cond-expr",
                "locations": [
                    { "start": { "line": 36, "column": 46 }, "end": { "line": 36, "column": 63 } },
                    { "start": { "line": 36, "column": 63 }, "end": { "line": 36, "column": null } }
                ],
                "line": 36
            },
            "5": {
                "loc": {
                    "start": { "line": 45, "column": 8 },
                    "end": { "line": 45, "column": null }
                },
                "type": "if",
                "locations": [
                    { "start": { "line": 45, "column": 8 }, "end": { "line": 45, "column": null } },
                    { "start": {}, "end": {} }
                ],
                "line": 45
            },
            "6": {
                "loc": {
                    "start": { "line": 46, "column": 8 },
                    "end": { "line": 48, "column": null }
                },
                "type": "if",
                "locations": [
                    { "start": { "line": 46, "column": 8 }, "end": { "line": 48, "column": null } },
                    { "start": {}, "end": {} }
                ],
                "line": 46
            },
            "7": {
                "loc": {
                    "start": { "line": 47, "column": 30 },
                    "end": { "line": 47, "column": 58 }
                },
                "type": "cond-expr",
                "locations": [
                    { "start": { "line": 47, "column": 48 }, "end": { "line": 47, "column": 54 } },
                    { "start": { "line": 47, "column": 54 }, "end": { "line": 47, "column": 58 } }
                ],
                "line": 47
            },
            "8": {
                "loc": {
                    "start": { "line": 57, "column": 8 },
                    "end": { "line": 59, "column": null }
                },
                "type": "cond-expr",
                "locations": [
                    {
                        "start": { "line": 58, "column": 14 },
                        "end": { "line": 58, "column": null }
                    },
                    { "start": { "line": 59, "column": 14 }, "end": { "line": 59, "column": null } }
                ],
                "line": 57
            },
            "9": {
                "loc": {
                    "start": { "line": 57, "column": 8 },
                    "end": { "line": 57, "column": null }
                },
                "type": "binary-expr",
                "locations": [
                    { "start": { "line": 57, "column": 8 }, "end": { "line": 57, "column": 22 } },
                    { "start": { "line": 57, "column": 22 }, "end": { "line": 57, "column": null } }
                ],
                "line": 57
            },
            "10": {
                "loc": {
                    "start": { "line": 66, "column": 8 },
                    "end": { "line": 83, "column": null }
                },
                "type": "binary-expr",
                "locations": [
                    { "start": { "line": 68, "column": 14 }, "end": { "line": 68, "column": 29 } },
                    {
                        "start": { "line": 68, "column": 29 },
                        "end": { "line": 68, "column": null }
                    },
                    { "start": { "line": 69, "column": 16 }, "end": { "line": 83, "column": null } }
                ],
                "line": 66
            },
            "11": {
                "loc": {
                    "start": { "line": 71, "column": 21 },
                    "end": { "line": 76, "column": null }
                },
                "type": "binary-expr",
                "locations": [
                    {
                        "start": { "line": 71, "column": 21 },
                        "end": { "line": 71, "column": null }
                    },
                    { "start": { "line": 72, "column": 24 }, "end": { "line": 76, "column": null } }
                ],
                "line": 71
            },
            "12": {
                "loc": {
                    "start": { "line": 73, "column": 104 },
                    "end": { "line": 73, "column": null }
                },
                "type": "cond-expr",
                "locations": [
                    {
                        "start": { "line": 73, "column": 119 },
                        "end": { "line": 73, "column": 159 }
                    },
                    {
                        "start": { "line": 73, "column": 159 },
                        "end": { "line": 73, "column": null }
                    }
                ],
                "line": 73
            },
            "13": {
                "loc": {
                    "start": { "line": 75, "column": 29 },
                    "end": { "line": 75, "column": null }
                },
                "type": "cond-expr",
                "locations": [
                    { "start": { "line": 75, "column": 44 }, "end": { "line": 75, "column": 57 } },
                    { "start": { "line": 75, "column": 57 }, "end": { "line": 75, "column": null } }
                ],
                "line": 75
            },
            "14": {
                "loc": {
                    "start": { "line": 79, "column": 21 },
                    "end": { "line": 79, "column": null }
                },
                "type": "binary-expr",
                "locations": [
                    { "start": { "line": 79, "column": 21 }, "end": { "line": 79, "column": 36 } },
                    { "start": { "line": 79, "column": 36 }, "end": { "line": 79, "column": null } }
                ],
                "line": 79
            },
            "15": {
                "loc": {
                    "start": { "line": 83, "column": 13 },
                    "end": { "line": 108, "column": null }
                },
                "type": "binary-expr",
                "locations": [
                    {
                        "start": { "line": 83, "column": 13 },
                        "end": { "line": 83, "column": null }
                    },
                    {
                        "start": { "line": 84, "column": 16 },
                        "end": { "line": 108, "column": null }
                    }
                ],
                "line": 83
            },
            "16": {
                "loc": {
                    "start": { "line": 90, "column": 29 },
                    "end": { "line": 93, "column": null }
                },
                "type": "binary-expr",
                "locations": [
                    {
                        "start": { "line": 90, "column": 29 },
                        "end": { "line": 90, "column": null }
                    },
                    { "start": { "line": 91, "column": 32 }, "end": { "line": 93, "column": null } }
                ],
                "line": 90
            }
        },
        "s": {
            "0": 4,
            "1": 4,
            "2": 4,
            "3": 4,
            "4": 4,
            "5": 4,
            "6": 4,
            "7": 1,
            "8": 0,
            "9": 1,
            "10": 1,
            "11": 1,
            "12": 4,
            "13": 6,
            "14": 4,
            "15": 2,
            "16": 4,
            "17": 5,
            "18": 1
        },
        "f": { "0": 4, "1": 1, "2": 6, "3": 2, "4": 5, "5": 1 },
        "b": {
            "0": [4],
            "1": [4, 3, 0],
            "2": [4, 4, 1, 1],
            "3": [4, 4],
            "4": [3, 1],
            "5": [0, 1],
            "6": [1, 0],
            "7": [1, 0],
            "8": [1, 3],
            "9": [4, 3],
            "10": [4, 0, 4],
            "11": [4, 3],
            "12": [0, 3],
            "13": [0, 3],
            "14": [4, 4],
            "15": [4, 4],
            "16": [5, 2]
        },
        "meta": {
            "lastBranch": 17,
            "lastFunction": 6,
            "lastStatement": 19,
            "seen": {
                "f:15:24:15:39": 0,
                "b:18:23:18:Infinity": 0,
                "s:22:22:22:Infinity": 0,
                "b:22:22:22:34:22:34:22:45:22:45:22:Infinity": 1,
                "s:23:24:23:Infinity": 1,
                "s:28:28:28:Infinity": 2,
                "s:30:8:33:Infinity": 3,
                "b:30:8:30:Infinity:31:9:31:Infinity:32:12:32:Infinity:33:12:33:Infinity": 2,
                "s:36:18:36:Infinity": 4,
                "b:36:18:36:33:36:33:36:Infinity": 3,
                "b:36:46:36:63:36:63:36:Infinity": 4,
                "s:39:27:39:Infinity": 5,
                "s:44:10:50:Infinity": 6,
                "f:44:10:44:31": 1,
                "b:45:8:45:Infinity:undefined:undefined:undefined:undefined": 5,
                "s:45:8:45:Infinity": 7,
                "s:45:30:45:Infinity": 8,
                "b:46:8:48:Infinity:undefined:undefined:undefined:undefined": 6,
                "s:46:8:48:Infinity": 9,
                "s:47:12:47:Infinity": 10,
                "b:47:48:47:54:47:54:47:58": 7,
                "s:49:8:49:Infinity": 11,
                "s:55:30:55:Infinity": 12,
                "f:55:39:55:44": 2,
                "s:55:60:55:88": 13,
                "s:57:8:59:Infinity": 14,
                "b:58:14:58:Infinity:59:14:59:Infinity": 8,
                "b:57:8:57:22:57:22:57:Infinity": 9,
                "f:58:32:58:40": 3,
                "s:58:49:58:84": 15,
                "s:65:4:108:Infinity": 16,
                "b:68:14:68:29:68:29:68:Infinity:69:16:83:Infinity": 10,
                "b:71:21:71:Infinity:72:24:76:Infinity": 11,
                "b:73:119:73:159:73:159:73:Infinity": 12,
                "b:75:44:75:57:75:57:75:Infinity": 13,
                "b:79:21:79:36:79:36:79:Infinity": 14,
                "b:83:13:83:Infinity:84:16:108:Infinity": 15,
                "f:85:38:85:43": 4,
                "s:86:24:104:Infinity": 17,
                "b:90:29:90:Infinity:91:32:93:Infinity": 16,
                "f:99:32:99:49": 5,
                "s:100:36:100:Infinity": 18
            },
            "fnNames": {}
        }
    },
    "C:\\Coding Projects\\NUSMods Plus\\nusmods-planner\\src\\components\\PreRequisiteComponents\\NodeRenderers\\LeafRenderer.tsx": {
        "path": "C:\\Coding Projects\\NUSMods Plus\\nusmods-planner\\src\\components\\PreRequisiteComponents\\NodeRenderers\\LeafRenderer.tsx",
        "statementMap": {
            "0": { "start": { "line": 22, "column": 23 }, "end": { "line": 22, "column": null } },
            "1": { "start": { "line": 25, "column": 20 }, "end": { "line": 25, "column": null } },
            "2": { "start": { "line": 26, "column": 48 }, "end": { "line": 26, "column": null } },
            "3": { "start": { "line": 33, "column": 8 }, "end": { "line": 34, "column": null } },
            "4": { "start": { "line": 40, "column": 10 }, "end": { "line": 45, "column": null } },
            "5": { "start": { "line": 41, "column": 8 }, "end": { "line": 41, "column": null } },
            "6": { "start": { "line": 41, "column": 30 }, "end": { "line": 41, "column": null } },
            "7": { "start": { "line": 42, "column": 26 }, "end": { "line": 42, "column": null } },
            "8": { "start": { "line": 43, "column": 8 }, "end": { "line": 43, "column": null } },
            "9": { "start": { "line": 44, "column": 8 }, "end": { "line": 44, "column": null } },
            "10": { "start": { "line": 47, "column": 10 }, "end": { "line": 47, "column": null } },
            "11": { "start": { "line": 50, "column": 31 }, "end": { "line": 52, "column": null } },
            "12": { "start": { "line": 54, "column": 27 }, "end": { "line": 54, "column": null } },
            "13": { "start": { "line": 57, "column": 24 }, "end": { "line": 59, "column": null } },
            "14": { "start": { "line": 67, "column": 4 }, "end": { "line": 108, "column": null } }
        },
        "fnMap": {
            "0": {
                "name": "LeafRenderer",
                "decl": {
                    "start": { "line": 16, "column": 24 },
                    "end": { "line": 16, "column": 37 }
                },
                "loc": {
                    "start": { "line": 20, "column": 22 },
                    "end": { "line": 110, "column": null }
                },
                "line": 20
            },
            "1": {
                "name": "(anonymous_1)",
                "decl": {
                    "start": { "line": 40, "column": 10 },
                    "end": { "line": 40, "column": 31 }
                },
                "loc": {
                    "start": { "line": 40, "column": 31 },
                    "end": { "line": 45, "column": null }
                },
                "line": 40
            }
        },
        "branchMap": {
            "0": {
                "loc": {
                    "start": { "line": 19, "column": 4 },
                    "end": { "line": 19, "column": null }
                },
                "type": "default-arg",
                "locations": [
                    { "start": { "line": 19, "column": 23 }, "end": { "line": 19, "column": null } }
                ],
                "line": 19
            },
            "1": {
                "loc": {
                    "start": { "line": 25, "column": 20 },
                    "end": { "line": 25, "column": null }
                },
                "type": "binary-expr",
                "locations": [
                    { "start": { "line": 25, "column": 20 }, "end": { "line": 25, "column": 39 } },
                    { "start": { "line": 25, "column": 39 }, "end": { "line": 25, "column": null } }
                ],
                "line": 25
            },
            "2": {
                "loc": {
                    "start": { "line": 34, "column": 31 },
                    "end": { "line": 34, "column": 85 }
                },
                "type": "cond-expr",
                "locations": [
                    { "start": { "line": 34, "column": 63 }, "end": { "line": 34, "column": 81 } },
                    { "start": { "line": 34, "column": 81 }, "end": { "line": 34, "column": 85 } }
                ],
                "line": 34
            },
            "3": {
                "loc": {
                    "start": { "line": 34, "column": 31 },
                    "end": { "line": 34, "column": 63 }
                },
                "type": "binary-expr",
                "locations": [
                    { "start": { "line": 34, "column": 31 }, "end": { "line": 34, "column": 45 } },
                    { "start": { "line": 34, "column": 45 }, "end": { "line": 34, "column": 63 } }
                ],
                "line": 34
            },
            "4": {
                "loc": {
                    "start": { "line": 41, "column": 8 },
                    "end": { "line": 41, "column": null }
                },
                "type": "if",
                "locations": [
                    { "start": { "line": 41, "column": 8 }, "end": { "line": 41, "column": null } },
                    { "start": {}, "end": {} }
                ],
                "line": 41
            },
            "5": {
                "loc": {
                    "start": { "line": 50, "column": 31 },
                    "end": { "line": 52, "column": null }
                },
                "type": "cond-expr",
                "locations": [
                    {
                        "start": { "line": 51, "column": 10 },
                        "end": { "line": 51, "column": null }
                    },
                    { "start": { "line": 52, "column": 10 }, "end": { "line": 52, "column": null } }
                ],
                "line": 50
            },
            "6": {
                "loc": {
                    "start": { "line": 54, "column": 27 },
                    "end": { "line": 54, "column": null }
                },
                "type": "binary-expr",
                "locations": [
                    { "start": { "line": 54, "column": 27 }, "end": { "line": 54, "column": 47 } },
                    { "start": { "line": 54, "column": 47 }, "end": { "line": 54, "column": null } }
                ],
                "line": 54
            },
            "7": {
                "loc": {
                    "start": { "line": 57, "column": 24 },
                    "end": { "line": 59, "column": null }
                },
                "type": "cond-expr",
                "locations": [
                    {
                        "start": { "line": 58, "column": 10 },
                        "end": { "line": 58, "column": null }
                    },
                    { "start": { "line": 59, "column": 10 }, "end": { "line": 59, "column": null } }
                ],
                "line": 57
            },
            "8": {
                "loc": {
                    "start": { "line": 77, "column": 13 },
                    "end": { "line": 108, "column": null }
                },
                "type": "binary-expr",
                "locations": [
                    { "start": { "line": 77, "column": 13 }, "end": { "line": 77, "column": 27 } },
                    {
                        "start": { "line": 77, "column": 27 },
                        "end": { "line": 77, "column": null }
                    },
                    {
                        "start": { "line": 78, "column": 16 },
                        "end": { "line": 108, "column": null }
                    }
                ],
                "line": 77
            },
            "9": {
                "loc": {
                    "start": { "line": 81, "column": 21 },
                    "end": { "line": 84, "column": null }
                },
                "type": "binary-expr",
                "locations": [
                    {
                        "start": { "line": 81, "column": 21 },
                        "end": { "line": 81, "column": null }
                    },
                    { "start": { "line": 82, "column": 24 }, "end": { "line": 84, "column": null } }
                ],
                "line": 81
            },
            "10": {
                "loc": {
                    "start": { "line": 87, "column": 21 },
                    "end": { "line": 90, "column": null }
                },
                "type": "binary-expr",
                "locations": [
                    { "start": { "line": 87, "column": 21 }, "end": { "line": 87, "column": 35 } },
                    {
                        "start": { "line": 87, "column": 35 },
                        "end": { "line": 87, "column": null }
                    },
                    { "start": { "line": 88, "column": 24 }, "end": { "line": 90, "column": null } }
                ],
                "line": 87
            },
            "11": {
                "loc": {
                    "start": { "line": 93, "column": 21 },
                    "end": { "line": 98, "column": null }
                },
                "type": "binary-expr",
                "locations": [
                    { "start": { "line": 93, "column": 21 }, "end": { "line": 93, "column": 35 } },
                    { "start": { "line": 93, "column": 35 }, "end": { "line": 93, "column": 52 } },
                    {
                        "start": { "line": 93, "column": 52 },
                        "end": { "line": 93, "column": null }
                    },
                    { "start": { "line": 94, "column": 24 }, "end": { "line": 98, "column": null } }
                ],
                "line": 93
            },
            "12": {
                "loc": {
                    "start": { "line": 101, "column": 21 },
                    "end": { "line": 104, "column": null }
                },
                "type": "binary-expr",
                "locations": [
                    {
                        "start": { "line": 101, "column": 21 },
                        "end": { "line": 101, "column": 32 }
                    },
                    {
                        "start": { "line": 101, "column": 32 },
                        "end": { "line": 101, "column": null }
                    },
                    {
                        "start": { "line": 102, "column": 24 },
                        "end": { "line": 104, "column": null }
                    }
                ],
                "line": 101
            }
        },
        "s": {
            "0": 7,
            "1": 7,
            "2": 7,
            "3": 7,
            "4": 7,
            "5": 3,
            "6": 1,
            "7": 2,
            "8": 2,
            "9": 2,
            "10": 7,
            "11": 7,
            "12": 7,
            "13": 7,
            "14": 7
        },
        "f": { "0": 7, "1": 3 },
        "b": {
            "0": [7],
            "1": [7, 0],
            "2": [2, 5],
            "3": [7, 2],
            "4": [1, 2],
            "5": [1, 6],
            "6": [7, 2],
            "7": [1, 6],
            "8": [7, 2, 2],
            "9": [2, 1],
            "10": [2, 1, 0],
            "11": [2, 1, 1, 1],
            "12": [2, 0, 0]
        },
        "meta": {
            "lastBranch": 13,
            "lastFunction": 2,
            "lastStatement": 15,
            "seen": {
                "f:16:24:16:37": 0,
                "b:19:23:19:Infinity": 0,
                "s:22:23:22:Infinity": 0,
                "s:25:20:25:Infinity": 1,
                "b:25:20:25:39:25:39:25:Infinity": 1,
                "s:26:48:26:Infinity": 2,
                "s:33:8:34:Infinity": 3,
                "b:34:63:34:81:34:81:34:85": 2,
                "b:34:31:34:45:34:45:34:63": 3,
                "s:40:10:45:Infinity": 4,
                "f:40:10:40:31": 1,
                "b:41:8:41:Infinity:undefined:undefined:undefined:undefined": 4,
                "s:41:8:41:Infinity": 5,
                "s:41:30:41:Infinity": 6,
                "s:42:26:42:Infinity": 7,
                "s:43:8:43:Infinity": 8,
                "s:44:8:44:Infinity": 9,
                "s:47:10:47:Infinity": 10,
                "s:50:31:52:Infinity": 11,
                "b:51:10:51:Infinity:52:10:52:Infinity": 5,
                "s:54:27:54:Infinity": 12,
                "b:54:27:54:47:54:47:54:Infinity": 6,
                "s:57:24:59:Infinity": 13,
                "b:58:10:58:Infinity:59:10:59:Infinity": 7,
                "s:67:4:108:Infinity": 14,
                "b:77:13:77:27:77:27:77:Infinity:78:16:108:Infinity": 8,
                "b:81:21:81:Infinity:82:24:84:Infinity": 9,
                "b:87:21:87:35:87:35:87:Infinity:88:24:90:Infinity": 10,
                "b:93:21:93:35:93:35:93:52:93:52:93:Infinity:94:24:98:Infinity": 11,
                "b:101:21:101:32:101:32:101:Infinity:102:24:104:Infinity": 12
            },
            "fnNames": {}
        }
    },
    "C:\\Coding Projects\\NUSMods Plus\\nusmods-planner\\src\\components\\PreRequisiteComponents\\NodeRenderers\\PrefixBranchRenderer.tsx": {
        "path": "C:\\Coding Projects\\NUSMods Plus\\nusmods-planner\\src\\components\\PreRequisiteComponents\\NodeRenderers\\PrefixBranchRenderer.tsx",
        "statementMap": {
            "0": { "start": { "line": 16, "column": 23 }, "end": { "line": 16, "column": null } },
            "1": { "start": { "line": 18, "column": 10 }, "end": { "line": 22, "column": null } },
            "2": { "start": { "line": 19, "column": 26 }, "end": { "line": 19, "column": null } },
            "3": { "start": { "line": 20, "column": 8 }, "end": { "line": 20, "column": null } },
            "4": { "start": { "line": 21, "column": 8 }, "end": { "line": 21, "column": null } },
            "5": { "start": { "line": 26, "column": 21 }, "end": { "line": 26, "column": null } },
            "6": { "start": { "line": 27, "column": 4 }, "end": { "line": 32, "column": null } },
            "7": { "start": { "line": 28, "column": 8 }, "end": { "line": 31, "column": null } },
            "8": { "start": { "line": 30, "column": 55 }, "end": { "line": 30, "column": 90 } },
            "9": { "start": { "line": 35, "column": 22 }, "end": { "line": 35, "column": null } },
            "10": { "start": { "line": 36, "column": 29 }, "end": { "line": 36, "column": null } },
            "11": { "start": { "line": 36, "column": 59 }, "end": { "line": 36, "column": 87 } },
            "12": { "start": { "line": 37, "column": 10 }, "end": { "line": 37, "column": null } },
            "13": { "start": { "line": 42, "column": 4 }, "end": { "line": 89, "column": null } },
            "14": { "start": { "line": 67, "column": 32 }, "end": { "line": 83, "column": null } }
        },
        "fnMap": {
            "0": {
                "name": "PrefixBranchRenderer",
                "decl": {
                    "start": { "line": 14, "column": 24 },
                    "end": { "line": 14, "column": 45 }
                },
                "loc": {
                    "start": { "line": 14, "column": 98 },
                    "end": { "line": 91, "column": null }
                },
                "line": 14
            },
            "1": {
                "name": "(anonymous_1)",
                "decl": {
                    "start": { "line": 18, "column": 10 },
                    "end": { "line": 18, "column": 31 }
                },
                "loc": {
                    "start": { "line": 18, "column": 31 },
                    "end": { "line": 22, "column": null }
                },
                "line": 18
            },
            "2": {
                "name": "(anonymous_2)",
                "decl": {
                    "start": { "line": 30, "column": 40 },
                    "end": { "line": 30, "column": 45 }
                },
                "loc": {
                    "start": { "line": 30, "column": 55 },
                    "end": { "line": 30, "column": 90 }
                },
                "line": 30
            },
            "3": {
                "name": "(anonymous_3)",
                "decl": {
                    "start": { "line": 36, "column": 38 },
                    "end": { "line": 36, "column": 43 }
                },
                "loc": {
                    "start": { "line": 36, "column": 59 },
                    "end": { "line": 36, "column": 87 }
                },
                "line": 36
            },
            "4": {
                "name": "(anonymous_4)",
                "decl": {
                    "start": { "line": 66, "column": 46 },
                    "end": { "line": 66, "column": 51 }
                },
                "loc": {
                    "start": { "line": 67, "column": 32 },
                    "end": { "line": 83, "column": null }
                },
                "line": 67
            }
        },
        "branchMap": {
            "0": {
                "loc": {
                    "start": { "line": 27, "column": 4 },
                    "end": { "line": 32, "column": null }
                },
                "type": "if",
                "locations": [
                    { "start": { "line": 27, "column": 4 }, "end": { "line": 32, "column": null } },
                    { "start": {}, "end": {} }
                ],
                "line": 27
            },
            "1": {
                "loc": {
                    "start": { "line": 27, "column": 8 },
                    "end": { "line": 27, "column": 47 }
                },
                "type": "binary-expr",
                "locations": [
                    { "start": { "line": 27, "column": 8 }, "end": { "line": 27, "column": 22 } },
                    { "start": { "line": 27, "column": 22 }, "end": { "line": 27, "column": 47 } }
                ],
                "line": 27
            },
            "2": {
                "loc": {
                    "start": { "line": 35, "column": 22 },
                    "end": { "line": 35, "column": null }
                },
                "type": "binary-expr",
                "locations": [
                    { "start": { "line": 35, "column": 22 }, "end": { "line": 35, "column": 39 } },
                    { "start": { "line": 35, "column": 39 }, "end": { "line": 35, "column": null } }
                ],
                "line": 35
            },
            "3": {
                "loc": {
                    "start": { "line": 52, "column": 61 },
                    "end": { "line": 52, "column": null }
                },
                "type": "cond-expr",
                "locations": [
                    { "start": { "line": 52, "column": 74 }, "end": { "line": 52, "column": 80 } },
                    { "start": { "line": 52, "column": 80 }, "end": { "line": 52, "column": null } }
                ],
                "line": 52
            },
            "4": {
                "loc": {
                    "start": { "line": 57, "column": 13 },
                    "end": { "line": 89, "column": null }
                },
                "type": "binary-expr",
                "locations": [
                    { "start": { "line": 57, "column": 13 }, "end": { "line": 57, "column": 27 } },
                    {
                        "start": { "line": 57, "column": 27 },
                        "end": { "line": 57, "column": null }
                    },
                    { "start": { "line": 58, "column": 16 }, "end": { "line": 89, "column": null } }
                ],
                "line": 57
            },
            "5": {
                "loc": {
                    "start": { "line": 71, "column": 37 },
                    "end": { "line": 74, "column": null }
                },
                "type": "binary-expr",
                "locations": [
                    {
                        "start": { "line": 71, "column": 37 },
                        "end": { "line": 71, "column": null }
                    },
                    { "start": { "line": 72, "column": 40 }, "end": { "line": 74, "column": null } }
                ],
                "line": 71
            }
        },
        "s": {
            "0": 3,
            "1": 3,
            "2": 1,
            "3": 1,
            "4": 1,
            "5": 3,
            "6": 3,
            "7": 1,
            "8": 2,
            "9": 3,
            "10": 3,
            "11": 2,
            "12": 3,
            "13": 3,
            "14": 2
        },
        "f": { "0": 3, "1": 1, "2": 2, "3": 2, "4": 2 },
        "b": { "0": [1, 2], "1": [3, 1], "2": [3, 2], "3": [1, 2], "4": [3, 1, 1], "5": [2, 2] },
        "meta": {
            "lastBranch": 6,
            "lastFunction": 5,
            "lastStatement": 15,
            "seen": {
                "f:14:24:14:45": 0,
                "s:16:23:16:Infinity": 0,
                "s:18:10:22:Infinity": 1,
                "f:18:10:18:31": 1,
                "s:19:26:19:Infinity": 2,
                "s:20:8:20:Infinity": 3,
                "s:21:8:21:Infinity": 4,
                "s:26:21:26:Infinity": 5,
                "b:27:4:32:Infinity:undefined:undefined:undefined:undefined": 0,
                "s:27:4:32:Infinity": 6,
                "b:27:8:27:22:27:22:27:47": 1,
                "s:28:8:31:Infinity": 7,
                "f:30:40:30:45": 2,
                "s:30:55:30:90": 8,
                "s:35:22:35:Infinity": 9,
                "b:35:22:35:39:35:39:35:Infinity": 2,
                "s:36:29:36:Infinity": 10,
                "f:36:38:36:43": 3,
                "s:36:59:36:87": 11,
                "s:37:10:37:Infinity": 12,
                "s:42:4:89:Infinity": 13,
                "b:52:74:52:80:52:80:52:Infinity": 3,
                "b:57:13:57:27:57:27:57:Infinity:58:16:89:Infinity": 4,
                "f:66:46:66:51": 4,
                "s:67:32:83:Infinity": 14,
                "b:71:37:71:Infinity:72:40:74:Infinity": 5
            },
            "fnNames": {}
        }
    },
    "C:\\Coding Projects\\NUSMods Plus\\nusmods-planner\\src\\components\\TimetableComponents\\ActiveContainer.tsx": {
        "path": "C:\\Coding Projects\\NUSMods Plus\\nusmods-planner\\src\\components\\TimetableComponents\\ActiveContainer.tsx",
        "statementMap": {
            "0": { "start": { "line": 16, "column": 22 }, "end": { "line": 16, "column": null } },
            "1": { "start": { "line": 40, "column": 27 }, "end": { "line": 40, "column": null } },
            "2": { "start": { "line": 42, "column": 31 }, "end": { "line": 45, "column": null } },
            "3": { "start": { "line": 43, "column": 8 }, "end": { "line": 43, "column": null } },
            "4": { "start": { "line": 44, "column": 8 }, "end": { "line": 44, "column": null } },
            "5": { "start": { "line": 44, "column": 33 }, "end": { "line": 44, "column": 38 } },
            "6": { "start": { "line": 47, "column": 4 }, "end": { "line": 166, "column": null } },
            "7": { "start": { "line": 62, "column": 45 }, "end": { "line": 62, "column": null } },
            "8": { "start": { "line": 64, "column": 32 }, "end": { "line": 64, "column": null } },
            "9": { "start": { "line": 66, "column": 28 }, "end": { "line": 160, "column": null } },
            "10": {
                "start": { "line": 107, "column": 52 },
                "end": { "line": 120, "column": null }
            },
            "11": {
                "start": { "line": 110, "column": 60 },
                "end": { "line": 115, "column": null }
            },
            "12": {
                "start": { "line": 131, "column": 60 },
                "end": { "line": 136, "column": null }
            },
            "13": { "start": { "line": 147, "column": 52 }, "end": { "line": 151, "column": null } }
        },
        "fnMap": {
            "0": {
                "name": "ActiveContainer",
                "decl": {
                    "start": { "line": 32, "column": 24 },
                    "end": { "line": 32, "column": 40 }
                },
                "loc": {
                    "start": { "line": 39, "column": 25 },
                    "end": { "line": 168, "column": null }
                },
                "line": 39
            },
            "1": {
                "name": "(anonymous_1)",
                "decl": {
                    "start": { "line": 42, "column": 31 },
                    "end": { "line": 42, "column": 38 }
                },
                "loc": {
                    "start": { "line": 42, "column": 61 },
                    "end": { "line": 45, "column": null }
                },
                "line": 42
            },
            "2": {
                "name": "(anonymous_2)",
                "decl": {
                    "start": { "line": 44, "column": 8 },
                    "end": { "line": 44, "column": 27 }
                },
                "loc": {
                    "start": { "line": 44, "column": 33 },
                    "end": { "line": 44, "column": 38 }
                },
                "line": 44
            },
            "3": {
                "name": "(anonymous_3)",
                "decl": {
                    "start": { "line": 61, "column": 45 },
                    "end": { "line": 61, "column": 50 }
                },
                "loc": {
                    "start": { "line": 61, "column": 58 },
                    "end": { "line": 162, "column": 25 }
                },
                "line": 61
            },
            "4": {
                "name": "(anonymous_4)",
                "decl": {
                    "start": { "line": 106, "column": 63 },
                    "end": { "line": 106, "column": 68 }
                },
                "loc": {
                    "start": { "line": 107, "column": 52 },
                    "end": { "line": 120, "column": null }
                },
                "line": 107
            },
            "5": {
                "name": "(anonymous_5)",
                "decl": {
                    "start": { "line": 109, "column": 56 },
                    "end": { "line": 109, "column": null }
                },
                "loc": {
                    "start": { "line": 110, "column": 60 },
                    "end": { "line": 115, "column": null }
                },
                "line": 110
            },
            "6": {
                "name": "(anonymous_6)",
                "decl": {
                    "start": { "line": 130, "column": 56 },
                    "end": { "line": 130, "column": 67 }
                },
                "loc": {
                    "start": { "line": 131, "column": 60 },
                    "end": { "line": 136, "column": null }
                },
                "line": 131
            },
            "7": {
                "name": "(anonymous_7)",
                "decl": {
                    "start": { "line": 146, "column": 48 },
                    "end": { "line": 146, "column": null }
                },
                "loc": {
                    "start": { "line": 147, "column": 52 },
                    "end": { "line": 151, "column": null }
                },
                "line": 147
            }
        },
        "branchMap": {
            "0": {
                "loc": {
                    "start": { "line": 55, "column": 13 },
                    "end": { "line": 166, "column": null }
                },
                "type": "binary-expr",
                "locations": [
                    {
                        "start": { "line": 55, "column": 13 },
                        "end": { "line": 55, "column": null }
                    },
                    {
                        "start": { "line": 56, "column": 16 },
                        "end": { "line": 166, "column": null }
                    }
                ],
                "line": 55
            },
            "1": {
                "loc": {
                    "start": { "line": 64, "column": 32 },
                    "end": { "line": 64, "column": null }
                },
                "type": "binary-expr",
                "locations": [
                    { "start": { "line": 64, "column": 32 }, "end": { "line": 64, "column": 44 } },
                    { "start": { "line": 64, "column": 44 }, "end": { "line": 64, "column": null } }
                ],
                "line": 64
            },
            "2": {
                "loc": {
                    "start": { "line": 73, "column": 37 },
                    "end": { "line": 86, "column": null }
                },
                "type": "binary-expr",
                "locations": [
                    {
                        "start": { "line": 73, "column": 37 },
                        "end": { "line": 73, "column": null }
                    },
                    { "start": { "line": 74, "column": 40 }, "end": { "line": 86, "column": null } }
                ],
                "line": 73
            },
            "3": {
                "loc": {
                    "start": { "line": 76, "column": 49 },
                    "end": { "line": 76, "column": null }
                },
                "type": "cond-expr",
                "locations": [
                    { "start": { "line": 76, "column": 59 }, "end": { "line": 76, "column": 81 } },
                    { "start": { "line": 76, "column": 81 }, "end": { "line": 76, "column": null } }
                ],
                "line": 76
            },
            "4": {
                "loc": {
                    "start": { "line": 80, "column": 49 },
                    "end": { "line": 80, "column": 73 }
                },
                "type": "binary-expr",
                "locations": [
                    { "start": { "line": 80, "column": 49 }, "end": { "line": 80, "column": 66 } },
                    { "start": { "line": 80, "column": 66 }, "end": { "line": 80, "column": 73 } }
                ],
                "line": 80
            },
            "5": {
                "loc": {
                    "start": { "line": 80, "column": 75 },
                    "end": { "line": 80, "column": null }
                },
                "type": "binary-expr",
                "locations": [
                    { "start": { "line": 80, "column": 75 }, "end": { "line": 80, "column": 90 } },
                    { "start": { "line": 80, "column": 90 }, "end": { "line": 80, "column": null } }
                ],
                "line": 80
            },
            "6": {
                "loc": {
                    "start": { "line": 84, "column": 69 },
                    "end": { "line": 84, "column": 86 }
                },
                "type": "binary-expr",
                "locations": [
                    { "start": { "line": 84, "column": 69 }, "end": { "line": 84, "column": 82 } },
                    { "start": { "line": 84, "column": 82 }, "end": { "line": 84, "column": 86 } }
                ],
                "line": 84
            },
            "7": {
                "loc": {
                    "start": { "line": 68, "column": 41 },
                    "end": { "line": 68, "column": null }
                },
                "type": "binary-expr",
                "locations": [
                    { "start": { "line": 68, "column": 41 }, "end": { "line": 68, "column": 51 } },
                    { "start": { "line": 68, "column": 51 }, "end": { "line": 68, "column": null } }
                ],
                "line": 68
            }
        },
        "s": {
            "0": 1,
            "1": 9,
            "2": 9,
            "3": 1,
            "4": 1,
            "5": 1,
            "6": 9,
            "7": 8,
            "8": 8,
            "9": 8,
            "10": 56,
            "11": 1,
            "12": 0,
            "13": 1
        },
        "f": { "0": 9, "1": 1, "2": 1, "3": 8, "4": 56, "5": 1, "6": 0, "7": 1 },
        "b": {
            "0": [9, 8],
            "1": [8, 1],
            "2": [8, 1],
            "3": [1, 0],
            "4": [1, 0],
            "5": [1, 0],
            "6": [1, 0],
            "7": [8, 0]
        },
        "meta": {
            "lastBranch": 8,
            "lastFunction": 8,
            "lastStatement": 14,
            "seen": {
                "s:16:22:16:Infinity": 0,
                "f:32:24:32:40": 0,
                "s:40:27:40:Infinity": 1,
                "s:42:31:45:Infinity": 2,
                "f:42:31:42:38": 1,
                "s:43:8:43:Infinity": 3,
                "s:44:8:44:Infinity": 4,
                "f:44:8:44:27": 2,
                "s:44:33:44:38": 5,
                "s:47:4:166:Infinity": 6,
                "b:55:13:55:Infinity:56:16:166:Infinity": 0,
                "f:61:45:61:50": 3,
                "s:62:45:62:Infinity": 7,
                "s:64:32:64:Infinity": 8,
                "b:64:32:64:44:64:44:64:Infinity": 1,
                "s:66:28:160:Infinity": 9,
                "b:73:37:73:Infinity:74:40:86:Infinity": 2,
                "b:76:59:76:81:76:81:76:Infinity": 3,
                "b:80:49:80:66:80:66:80:73": 4,
                "b:80:75:80:90:80:90:80:Infinity": 5,
                "b:84:69:84:82:84:82:84:86": 6,
                "f:106:63:106:68": 4,
                "s:107:52:120:Infinity": 10,
                "f:109:56:109:Infinity": 5,
                "s:110:60:115:Infinity": 11,
                "f:130:56:130:67": 6,
                "s:131:60:136:Infinity": 12,
                "f:146:48:146:Infinity": 7,
                "s:147:52:151:Infinity": 13,
                "b:68:41:68:51:68:51:68:Infinity": 7
            },
            "fnNames": {}
        }
    },
    "C:\\Coding Projects\\NUSMods Plus\\nusmods-planner\\src\\components\\TimetableComponents\\ClassCard.tsx": {
        "path": "C:\\Coding Projects\\NUSMods Plus\\nusmods-planner\\src\\components\\TimetableComponents\\ClassCard.tsx",
        "statementMap": {
            "0": { "start": { "line": 30, "column": 26 }, "end": { "line": 30, "column": null } },
            "1": { "start": { "line": 35, "column": 31 }, "end": { "line": 53, "column": null } },
            "2": { "start": { "line": 38, "column": 14 }, "end": { "line": 38, "column": null } },
            "3": { "start": { "line": 38, "column": 65 }, "end": { "line": 38, "column": null } },
            "4": { "start": { "line": 40, "column": 18 }, "end": { "line": 40, "column": null } },
            "5": { "start": { "line": 42, "column": 18 }, "end": { "line": 42, "column": null } },
            "6": { "start": { "line": 43, "column": 14 }, "end": { "line": 51, "column": null } },
            "7": { "start": { "line": 44, "column": 18 }, "end": { "line": 50, "column": null } },
            "8": { "start": { "line": 49, "column": 22 }, "end": { "line": 49, "column": null } },
            "9": { "start": { "line": 52, "column": 14 }, "end": { "line": 52, "column": null } },
            "10": { "start": { "line": 56, "column": 23 }, "end": { "line": 56, "column": null } },
            "11": { "start": { "line": 59, "column": 27 }, "end": { "line": 63, "column": null } },
            "12": { "start": { "line": 61, "column": 26 }, "end": { "line": 61, "column": 61 } },
            "13": { "start": { "line": 65, "column": 10 }, "end": { "line": 79, "column": null } },
            "14": { "start": { "line": 67, "column": 12 }, "end": { "line": 67, "column": null } },
            "15": { "start": { "line": 69, "column": 8 }, "end": { "line": 72, "column": null } },
            "16": { "start": { "line": 70, "column": 12 }, "end": { "line": 70, "column": null } },
            "17": { "start": { "line": 71, "column": 12 }, "end": { "line": 71, "column": null } },
            "18": { "start": { "line": 74, "column": 8 }, "end": { "line": 78, "column": null } },
            "19": { "start": { "line": 75, "column": 12 }, "end": { "line": 75, "column": null } },
            "20": { "start": { "line": 77, "column": 12 }, "end": { "line": 77, "column": null } },
            "21": { "start": { "line": 81, "column": 19 }, "end": { "line": 81, "column": null } },
            "22": { "start": { "line": 82, "column": 20 }, "end": { "line": 82, "column": null } },
            "23": { "start": { "line": 83, "column": 20 }, "end": { "line": 83, "column": null } },
            "24": { "start": { "line": 84, "column": 18 }, "end": { "line": 84, "column": null } },
            "25": { "start": { "line": 85, "column": 22 }, "end": { "line": 85, "column": null } },
            "26": { "start": { "line": 87, "column": 28 }, "end": { "line": 87, "column": null } },
            "27": { "start": { "line": 89, "column": 46 }, "end": { "line": 93, "column": null } },
            "28": { "start": { "line": 95, "column": 4 }, "end": { "line": 98, "column": null } },
            "29": { "start": { "line": 96, "column": 8 }, "end": { "line": 96, "column": null } },
            "30": { "start": { "line": 97, "column": 8 }, "end": { "line": 97, "column": null } },
            "31": { "start": { "line": 100, "column": 4 }, "end": { "line": 103, "column": null } },
            "32": { "start": { "line": 101, "column": 8 }, "end": { "line": 101, "column": null } },
            "33": { "start": { "line": 102, "column": 8 }, "end": { "line": 102, "column": null } },
            "34": { "start": { "line": 105, "column": 4 }, "end": { "line": 109, "column": null } },
            "35": { "start": { "line": 106, "column": 8 }, "end": { "line": 106, "column": null } },
            "36": { "start": { "line": 107, "column": 8 }, "end": { "line": 107, "column": null } },
            "37": { "start": { "line": 108, "column": 8 }, "end": { "line": 108, "column": null } },
            "38": {
                "start": { "line": 111, "column": 25 },
                "end": { "line": 115, "column": null }
            },
            "39": {
                "start": { "line": 117, "column": 25 },
                "end": { "line": 124, "column": null }
            },
            "40": {
                "start": { "line": 126, "column": 30 },
                "end": { "line": 126, "column": null }
            },
            "41": { "start": { "line": 128, "column": 4 }, "end": { "line": 176, "column": null } }
        },
        "fnMap": {
            "0": {
                "name": "ClassCard",
                "decl": {
                    "start": { "line": 9, "column": 24 },
                    "end": { "line": 9, "column": 34 }
                },
                "loc": {
                    "start": { "line": 29, "column": 3 },
                    "end": { "line": 178, "column": null }
                },
                "line": 29
            },
            "1": {
                "name": "(anonymous_1)",
                "decl": {
                    "start": { "line": 37, "column": 28 },
                    "end": { "line": 37, "column": 36 }
                },
                "loc": {
                    "start": { "line": 37, "column": 46 },
                    "end": { "line": 53, "column": 11 }
                },
                "line": 37
            },
            "2": {
                "name": "(anonymous_2)",
                "decl": {
                    "start": { "line": 61, "column": 15 },
                    "end": { "line": 61, "column": 20 }
                },
                "loc": {
                    "start": { "line": 61, "column": 26 },
                    "end": { "line": 61, "column": 61 }
                },
                "line": 61
            },
            "3": {
                "name": "(anonymous_3)",
                "decl": {
                    "start": { "line": 65, "column": 10 },
                    "end": { "line": 65, "column": 30 }
                },
                "loc": {
                    "start": { "line": 65, "column": 30 },
                    "end": { "line": 79, "column": null }
                },
                "line": 65
            }
        },
        "branchMap": {
            "0": {
                "loc": {
                    "start": { "line": 35, "column": 31 },
                    "end": { "line": 53, "column": null }
                },
                "type": "cond-expr",
                "locations": [
                    {
                        "start": { "line": 36, "column": 10 },
                        "end": { "line": 36, "column": null }
                    },
                    { "start": { "line": 37, "column": 10 }, "end": { "line": 53, "column": null } }
                ],
                "line": 35
            },
            "1": {
                "loc": {
                    "start": { "line": 38, "column": 14 },
                    "end": { "line": 38, "column": null }
                },
                "type": "if",
                "locations": [
                    {
                        "start": { "line": 38, "column": 14 },
                        "end": { "line": 38, "column": null }
                    },
                    { "start": {}, "end": {} }
                ],
                "line": 38
            },
            "2": {
                "loc": {
                    "start": { "line": 38, "column": 18 },
                    "end": { "line": 38, "column": 65 }
                },
                "type": "binary-expr",
                "locations": [
                    { "start": { "line": 38, "column": 18 }, "end": { "line": 38, "column": 41 } },
                    { "start": { "line": 38, "column": 41 }, "end": { "line": 38, "column": 65 } }
                ],
                "line": 38
            },
            "3": {
                "loc": {
                    "start": { "line": 40, "column": 18 },
                    "end": { "line": 40, "column": null }
                },
                "type": "binary-expr",
                "locations": [
                    { "start": { "line": 40, "column": 18 }, "end": { "line": 40, "column": 57 } },
                    { "start": { "line": 40, "column": 57 }, "end": { "line": 40, "column": null } }
                ],
                "line": 40
            },
            "4": {
                "loc": {
                    "start": { "line": 42, "column": 18 },
                    "end": { "line": 42, "column": null }
                },
                "type": "binary-expr",
                "locations": [
                    { "start": { "line": 42, "column": 18 }, "end": { "line": 42, "column": 56 } },
                    { "start": { "line": 42, "column": 56 }, "end": { "line": 42, "column": null } }
                ],
                "line": 42
            },
            "5": {
                "loc": {
                    "start": { "line": 43, "column": 14 },
                    "end": { "line": 51, "column": null }
                },
                "type": "if",
                "locations": [
                    {
                        "start": { "line": 43, "column": 14 },
                        "end": { "line": 51, "column": null }
                    },
                    { "start": {}, "end": {} }
                ],
                "line": 43
            },
            "6": {
                "loc": {
                    "start": { "line": 43, "column": 18 },
                    "end": { "line": 43, "column": 44 }
                },
                "type": "binary-expr",
                "locations": [
                    { "start": { "line": 43, "column": 18 }, "end": { "line": 43, "column": 32 } },
                    { "start": { "line": 43, "column": 32 }, "end": { "line": 43, "column": 44 } }
                ],
                "line": 43
            },
            "7": {
                "loc": {
                    "start": { "line": 44, "column": 18 },
                    "end": { "line": 50, "column": null }
                },
                "type": "if",
                "locations": [
                    {
                        "start": { "line": 44, "column": 18 },
                        "end": { "line": 50, "column": null }
                    },
                    { "start": {}, "end": {} }
                ],
                "line": 44
            },
            "8": {
                "loc": {
                    "start": { "line": 45, "column": 22 },
                    "end": { "line": 47, "column": null }
                },
                "type": "binary-expr",
                "locations": [
                    {
                        "start": { "line": 45, "column": 22 },
                        "end": { "line": 45, "column": null }
                    },
                    {
                        "start": { "line": 46, "column": 22 },
                        "end": { "line": 46, "column": null }
                    },
                    { "start": { "line": 47, "column": 22 }, "end": { "line": 47, "column": null } }
                ],
                "line": 45
            },
            "9": {
                "loc": {
                    "start": { "line": 59, "column": 27 },
                    "end": { "line": 63, "column": null }
                },
                "type": "cond-expr",
                "locations": [
                    {
                        "start": { "line": 60, "column": 10 },
                        "end": { "line": 62, "column": null }
                    },
                    { "start": { "line": 63, "column": 10 }, "end": { "line": 63, "column": null } }
                ],
                "line": 59
            },
            "10": {
                "loc": {
                    "start": { "line": 67, "column": 12 },
                    "end": { "line": 67, "column": null }
                },
                "type": "binary-expr",
                "locations": [
                    { "start": { "line": 67, "column": 12 }, "end": { "line": 67, "column": 51 } },
                    { "start": { "line": 67, "column": 51 }, "end": { "line": 67, "column": null } }
                ],
                "line": 67
            },
            "11": {
                "loc": {
                    "start": { "line": 69, "column": 8 },
                    "end": { "line": 72, "column": null }
                },
                "type": "if",
                "locations": [
                    { "start": { "line": 69, "column": 8 }, "end": { "line": 72, "column": null } },
                    { "start": {}, "end": {} }
                ],
                "line": 69
            },
            "12": {
                "loc": {
                    "start": { "line": 74, "column": 8 },
                    "end": { "line": 78, "column": null }
                },
                "type": "if",
                "locations": [
                    { "start": { "line": 74, "column": 8 }, "end": { "line": 78, "column": null } },
                    { "start": { "line": 76, "column": 15 }, "end": { "line": 78, "column": null } }
                ],
                "line": 74
            },
            "13": {
                "loc": {
                    "start": { "line": 82, "column": 20 },
                    "end": { "line": 82, "column": null }
                },
                "type": "binary-expr",
                "locations": [
                    { "start": { "line": 82, "column": 20 }, "end": { "line": 82, "column": 42 } },
                    { "start": { "line": 82, "column": 42 }, "end": { "line": 82, "column": 64 } },
                    { "start": { "line": 82, "column": 64 }, "end": { "line": 82, "column": null } }
                ],
                "line": 82
            },
            "14": {
                "loc": {
                    "start": { "line": 83, "column": 20 },
                    "end": { "line": 83, "column": null }
                },
                "type": "binary-expr",
                "locations": [
                    { "start": { "line": 83, "column": 20 }, "end": { "line": 83, "column": 36 } },
                    { "start": { "line": 83, "column": 36 }, "end": { "line": 83, "column": null } }
                ],
                "line": 83
            },
            "15": {
                "loc": {
                    "start": { "line": 84, "column": 18 },
                    "end": { "line": 84, "column": null }
                },
                "type": "cond-expr",
                "locations": [
                    { "start": { "line": 84, "column": 28 }, "end": { "line": 84, "column": 45 } },
                    { "start": { "line": 84, "column": 45 }, "end": { "line": 84, "column": null } }
                ],
                "line": 84
            },
            "16": {
                "loc": {
                    "start": { "line": 85, "column": 22 },
                    "end": { "line": 85, "column": null }
                },
                "type": "cond-expr",
                "locations": [
                    { "start": { "line": 85, "column": 32 }, "end": { "line": 85, "column": 49 } },
                    { "start": { "line": 85, "column": 49 }, "end": { "line": 85, "column": null } }
                ],
                "line": 85
            },
            "17": {
                "loc": {
                    "start": { "line": 87, "column": 28 },
                    "end": { "line": 87, "column": null }
                },
                "type": "binary-expr",
                "locations": [
                    { "start": { "line": 87, "column": 28 }, "end": { "line": 87, "column": 53 } },
                    { "start": { "line": 87, "column": 53 }, "end": { "line": 87, "column": null } }
                ],
                "line": 87
            },
            "18": {
                "loc": {
                    "start": { "line": 95, "column": 4 },
                    "end": { "line": 98, "column": null }
                },
                "type": "if",
                "locations": [
                    { "start": { "line": 95, "column": 4 }, "end": { "line": 98, "column": null } },
                    { "start": {}, "end": {} }
                ],
                "line": 95
            },
            "19": {
                "loc": {
                    "start": { "line": 95, "column": 8 },
                    "end": { "line": 95, "column": 49 }
                },
                "type": "binary-expr",
                "locations": [
                    { "start": { "line": 95, "column": 8 }, "end": { "line": 95, "column": 27 } },
                    { "start": { "line": 95, "column": 27 }, "end": { "line": 95, "column": 49 } }
                ],
                "line": 95
            },
            "20": {
                "loc": {
                    "start": { "line": 97, "column": 29 },
                    "end": { "line": 97, "column": null }
                },
                "type": "cond-expr",
                "locations": [
                    { "start": { "line": 97, "column": 39 }, "end": { "line": 97, "column": 51 } },
                    { "start": { "line": 97, "column": 51 }, "end": { "line": 97, "column": null } }
                ],
                "line": 97
            },
            "21": {
                "loc": {
                    "start": { "line": 100, "column": 4 },
                    "end": { "line": 103, "column": null }
                },
                "type": "if",
                "locations": [
                    {
                        "start": { "line": 100, "column": 4 },
                        "end": { "line": 103, "column": null }
                    },
                    { "start": {}, "end": {} }
                ],
                "line": 100
            },
            "22": {
                "loc": {
                    "start": { "line": 105, "column": 4 },
                    "end": { "line": 109, "column": null }
                },
                "type": "if",
                "locations": [
                    {
                        "start": { "line": 105, "column": 4 },
                        "end": { "line": 109, "column": null }
                    },
                    { "start": {}, "end": {} }
                ],
                "line": 105
            },
            "23": {
                "loc": {
                    "start": { "line": 126, "column": 33 },
                    "end": { "line": 126, "column": 84 }
                },
                "type": "binary-expr",
                "locations": [
                    {
                        "start": { "line": 126, "column": 33 },
                        "end": { "line": 126, "column": 63 }
                    },
                    { "start": { "line": 126, "column": 63 }, "end": { "line": 126, "column": 84 } }
                ],
                "line": 126
            },
            "24": {
                "loc": {
                    "start": { "line": 126, "column": 87 },
                    "end": { "line": 126, "column": null }
                },
                "type": "binary-expr",
                "locations": [
                    {
                        "start": { "line": 126, "column": 87 },
                        "end": { "line": 126, "column": 119 }
                    },
                    {
                        "start": { "line": 126, "column": 119 },
                        "end": { "line": 126, "column": null }
                    }
                ],
                "line": 126
            },
            "25": {
                "loc": {
                    "start": { "line": 135, "column": 20 },
                    "end": { "line": 141, "column": null }
                },
                "type": "cond-expr",
                "locations": [
                    {
                        "start": { "line": 136, "column": 26 },
                        "end": { "line": 136, "column": null }
                    },
                    {
                        "start": { "line": 137, "column": 26 },
                        "end": { "line": 141, "column": null }
                    }
                ],
                "line": 135
            },
            "26": {
                "loc": {
                    "start": { "line": 137, "column": 26 },
                    "end": { "line": 141, "column": null }
                },
                "type": "cond-expr",
                "locations": [
                    {
                        "start": { "line": 139, "column": 28 },
                        "end": { "line": 139, "column": null }
                    },
                    {
                        "start": { "line": 141, "column": 28 },
                        "end": { "line": 141, "column": null }
                    }
                ],
                "line": 137
            },
            "27": {
                "loc": {
                    "start": { "line": 147, "column": 62 },
                    "end": { "line": 147, "column": null }
                },
                "type": "cond-expr",
                "locations": [
                    {
                        "start": { "line": 147, "column": 75 },
                        "end": { "line": 147, "column": 111 }
                    },
                    {
                        "start": { "line": 147, "column": 111 },
                        "end": { "line": 147, "column": null }
                    }
                ],
                "line": 147
            },
            "28": {
                "loc": {
                    "start": { "line": 151, "column": 21 },
                    "end": { "line": 159, "column": null }
                },
                "type": "binary-expr",
                "locations": [
                    {
                        "start": { "line": 151, "column": 21 },
                        "end": { "line": 151, "column": null }
                    },
                    {
                        "start": { "line": 152, "column": 24 },
                        "end": { "line": 159, "column": null }
                    }
                ],
                "line": 151
            },
            "29": {
                "loc": {
                    "start": { "line": 162, "column": 21 },
                    "end": { "line": 162, "column": null }
                },
                "type": "binary-expr",
                "locations": [
                    {
                        "start": { "line": 162, "column": 21 },
                        "end": { "line": 162, "column": 61 }
                    },
                    {
                        "start": { "line": 162, "column": 61 },
                        "end": { "line": 162, "column": null }
                    }
                ],
                "line": 162
            },
            "30": {
                "loc": {
                    "start": { "line": 168, "column": 21 },
                    "end": { "line": 168, "column": null }
                },
[...]
                },
                "type": "if",
                "locations": [
                    { "start": { "line": 4, "column": 4 }, "end": { "line": 4, "column": null } },
                    { "start": {}, "end": {} }
                ],
                "line": 4
            },
            "1": {
                "loc": {
                    "start": { "line": 18, "column": 25 },
                    "end": { "line": 18, "column": null }
                },
                "type": "cond-expr",
                "locations": [
                    { "start": { "line": 18, "column": 41 }, "end": { "line": 18, "column": 45 } },
                    { "start": { "line": 18, "column": 45 }, "end": { "line": 18, "column": null } }
                ],
                "line": 18
            }
        },
        "s": {
            "0": 28,
            "1": 0,
            "2": 28,
            "3": 28,
            "4": 28,
            "5": 5,
            "6": 121,
            "7": 121,
            "8": 121,
            "9": 121,
            "10": 121
        },
        "f": { "0": 28, "1": 121 },
        "b": { "0": [0, 28], "1": [1, 120] },
        "meta": {
            "lastBranch": 2,
            "lastFunction": 2,
            "lastStatement": 11,
            "seen": {
                "f:3:16:3:27": 0,
                "b:4:4:4:Infinity:undefined:undefined:undefined:undefined": 0,
                "s:4:4:4:Infinity": 0,
                "s:4:21:4:Infinity": 1,
                "s:5:18:5:Infinity": 2,
                "s:6:20:6:Infinity": 3,
                "s:7:4:7:Infinity": 4,
                "s:10:13:21:Infinity": 5,
                "f:10:13:10:36": 1,
                "s:11:17:11:Infinity": 6,
                "s:12:20:12:Infinity": 7,
                "s:15:21:15:Infinity": 8,
                "s:18:25:18:Infinity": 9,
                "b:18:41:18:45:18:45:18:Infinity": 1,
                "s:20:4:20:Infinity": 10
            },
            "fnNames": {}
        }
    },
    "C:\\Coding Projects\\NUSMods Plus\\nusmods-planner\\src\\utils\\timetableUtils\\weekFormat.ts": {
        "path": "C:\\Coding Projects\\NUSMods Plus\\nusmods-planner\\src\\utils\\timetableUtils\\weekFormat.ts",
        "statementMap": {
            "0": { "start": { "line": 3, "column": 4 }, "end": { "line": 3, "column": null } },
            "1": { "start": { "line": 3, "column": 31 }, "end": { "line": 3, "column": null } },
            "2": { "start": { "line": 4, "column": 4 }, "end": { "line": 7, "column": null } },
            "3": { "start": { "line": 5, "column": 32 }, "end": { "line": 5, "column": null } },
            "4": { "start": { "line": 6, "column": 8 }, "end": { "line": 6, "column": null } },
            "5": { "start": { "line": 12, "column": 28 }, "end": { "line": 12, "column": null } },
            "6": { "start": { "line": 13, "column": 4 }, "end": { "line": 17, "column": null } },
            "7": { "start": { "line": 13, "column": 20 }, "end": { "line": 13, "column": 23 } },
            "8": { "start": { "line": 14, "column": 8 }, "end": { "line": 16, "column": null } },
            "9": { "start": { "line": 15, "column": 12 }, "end": { "line": 15, "column": null } },
            "10": { "start": { "line": 18, "column": 4 }, "end": { "line": 18, "column": null } },
            "11": { "start": { "line": 23, "column": 4 }, "end": { "line": 23, "column": null } },
            "12": { "start": { "line": 23, "column": 16 }, "end": { "line": 23, "column": null } },
            "13": { "start": { "line": 24, "column": 4 }, "end": { "line": 30, "column": null } },
            "14": { "start": { "line": 25, "column": 23 }, "end": { "line": 25, "column": null } },
            "15": { "start": { "line": 26, "column": 8 }, "end": { "line": 26, "column": null } },
            "16": { "start": { "line": 26, "column": 36 }, "end": { "line": 26, "column": null } },
            "17": { "start": { "line": 27, "column": 8 }, "end": { "line": 27, "column": null } },
            "18": { "start": { "line": 27, "column": 33 }, "end": { "line": 27, "column": 42 } },
            "19": { "start": { "line": 29, "column": 8 }, "end": { "line": 29, "column": null } },
            "20": { "start": { "line": 35, "column": 4 }, "end": { "line": 35, "column": null } },
            "21": { "start": { "line": 35, "column": 54 }, "end": { "line": 35, "column": null } },
            "22": { "start": { "line": 36, "column": 4 }, "end": { "line": 36, "column": null } },
            "23": { "start": { "line": 36, "column": 37 }, "end": { "line": 36, "column": null } },
            "24": { "start": { "line": 38, "column": 19 }, "end": { "line": 38, "column": null } },
            "25": { "start": { "line": 38, "column": 53 }, "end": { "line": 38, "column": 58 } },
            "26": { "start": { "line": 39, "column": 29 }, "end": { "line": 39, "column": null } },
            "27": { "start": { "line": 40, "column": 16 }, "end": { "line": 40, "column": null } },
            "28": { "start": { "line": 41, "column": 14 }, "end": { "line": 41, "column": null } },
            "29": { "start": { "line": 43, "column": 4 }, "end": { "line": 57, "column": null } },
            "30": { "start": { "line": 43, "column": 17 }, "end": { "line": 43, "column": 20 } },
            "31": { "start": { "line": 44, "column": 8 }, "end": { "line": 56, "column": null } },
            "32": { "start": { "line": 45, "column": 12 }, "end": { "line": 45, "column": null } },
            "33": { "start": { "line": 47, "column": 12 }, "end": { "line": 51, "column": null } },
            "34": { "start": { "line": 48, "column": 16 }, "end": { "line": 48, "column": null } },
            "35": { "start": { "line": 50, "column": 16 }, "end": { "line": 50, "column": null } },
            "36": { "start": { "line": 52, "column": 12 }, "end": { "line": 55, "column": null } },
            "37": { "start": { "line": 53, "column": 16 }, "end": { "line": 53, "column": null } },
            "38": { "start": { "line": 54, "column": 16 }, "end": { "line": 54, "column": null } },
            "39": { "start": { "line": 58, "column": 19 }, "end": { "line": 58, "column": null } },
            "40": { "start": { "line": 59, "column": 4 }, "end": { "line": 59, "column": null } }
        },
        "fnMap": {
            "0": {
                "name": "weeksToBitmask",
                "decl": {
                    "start": { "line": 2, "column": 16 },
                    "end": { "line": 2, "column": 31 }
                },
                "loc": {
                    "start": { "line": 2, "column": 70 },
                    "end": { "line": 8, "column": null }
                },
                "line": 2
            },
            "1": {
                "name": "(anonymous_1)",
                "decl": {
                    "start": { "line": 4, "column": 17 },
                    "end": { "line": 4, "column": 33 }
                },
                "loc": { "start": { "line": 4, "column": 48 }, "end": { "line": 7, "column": 7 } },
                "line": 4
            },
            "2": {
                "name": "bitmaskToWeeks",
                "decl": {
                    "start": { "line": 11, "column": 16 },
                    "end": { "line": 11, "column": 31 }
                },
                "loc": {
                    "start": { "line": 11, "column": 58 },
                    "end": { "line": 19, "column": null }
                },
                "line": 11
            },
            "3": {
                "name": "parseSavedWeeks",
                "decl": {
                    "start": { "line": 22, "column": 16 },
                    "end": { "line": 22, "column": 32 }
                },
                "loc": {
                    "start": { "line": 22, "column": 64 },
                    "end": { "line": 31, "column": null }
                },
                "line": 22
            },
            "4": {
                "name": "(anonymous_4)",
                "decl": {
                    "start": { "line": 27, "column": 22 },
                    "end": { "line": 27, "column": 27 }
                },
                "loc": {
                    "start": { "line": 27, "column": 33 },
                    "end": { "line": 27, "column": 42 }
                },
                "line": 27
            },
            "5": {
                "name": "formatWeeksDisplay",
                "decl": {
                    "start": { "line": 34, "column": 16 },
                    "end": { "line": 34, "column": 35 }
                },
                "loc": {
                    "start": { "line": 34, "column": 68 },
                    "end": { "line": 60, "column": null }
                },
                "line": 34
            },
            "6": {
                "name": "(anonymous_6)",
                "decl": {
                    "start": { "line": 38, "column": 38 },
                    "end": { "line": 38, "column": 44 }
                },
                "loc": {
                    "start": { "line": 38, "column": 53 },
                    "end": { "line": 38, "column": 58 }
                },
                "line": 38
            }
        },
        "branchMap": {
            "0": {
                "loc": {
                    "start": { "line": 3, "column": 4 },
                    "end": { "line": 3, "column": null }
                },
                "type": "if",
                "locations": [
                    { "start": { "line": 3, "column": 4 }, "end": { "line": 3, "column": null } },
                    { "start": {}, "end": {} }
                ],
                "line": 3
            },
            "1": {
                "loc": {
                    "start": { "line": 5, "column": 32 },
                    "end": { "line": 5, "column": null }
                },
                "type": "cond-expr",
                "locations": [
                    { "start": { "line": 5, "column": 59 }, "end": { "line": 5, "column": 66 } },
                    { "start": { "line": 5, "column": 66 }, "end": { "line": 5, "column": null } }
                ],
                "line": 5
            },
            "2": {
                "loc": {
                    "start": { "line": 14, "column": 8 },
                    "end": { "line": 16, "column": null }
                },
                "type": "if",
                "locations": [
                    { "start": { "line": 14, "column": 8 }, "end": { "line": 16, "column": null } },
                    { "start": {}, "end": {} }
                ],
                "line": 14
            },
            "3": {
                "loc": {
                    "start": { "line": 23, "column": 4 },
                    "end": { "line": 23, "column": null }
                },
                "type": "if",
                "locations": [
                    { "start": { "line": 23, "column": 4 }, "end": { "line": 23, "column": null } },
                    { "start": {}, "end": {} }
                ],
                "line": 23
            },
            "4": {
                "loc": {
                    "start": { "line": 26, "column": 8 },
                    "end": { "line": 26, "column": null }
                },
                "type": "if",
                "locations": [
                    { "start": { "line": 26, "column": 8 }, "end": { "line": 26, "column": null } },
                    { "start": {}, "end": {} }
                ],
                "line": 26
            },
            "5": {
                "loc": {
                    "start": { "line": 35, "column": 4 },
                    "end": { "line": 35, "column": null }
                },
                "type": "if",
                "locations": [
                    { "start": { "line": 35, "column": 4 }, "end": { "line": 35, "column": null } },
                    { "start": {}, "end": {} }
                ],
                "line": 35
            },
            "6": {
                "loc": {
                    "start": { "line": 35, "column": 8 },
                    "end": { "line": 35, "column": 54 }
                },
                "type": "binary-expr",
                "locations": [
                    { "start": { "line": 35, "column": 8 }, "end": { "line": 35, "column": 26 } },
                    { "start": { "line": 35, "column": 26 }, "end": { "line": 35, "column": 54 } }
                ],
                "line": 35
            },
            "7": {
                "loc": {
                    "start": { "line": 36, "column": 4 },
                    "end": { "line": 36, "column": null }
                },
                "type": "if",
                "locations": [
                    { "start": { "line": 36, "column": 4 }, "end": { "line": 36, "column": null } },
                    { "start": {}, "end": {} }
                ],
                "line": 36
            },
            "8": {
                "loc": {
                    "start": { "line": 44, "column": 8 },
                    "end": { "line": 56, "column": null }
                },
                "type": "if",
                "locations": [
                    { "start": { "line": 44, "column": 8 }, "end": { "line": 56, "column": null } },
                    { "start": { "line": 46, "column": 15 }, "end": { "line": 56, "column": null } }
                ],
                "line": 44
            },
            "9": {
                "loc": {
                    "start": { "line": 44, "column": 12 },
                    "end": { "line": 44, "column": 56 }
                },
                "type": "binary-expr",
                "locations": [
                    { "start": { "line": 44, "column": 12 }, "end": { "line": 44, "column": 33 } },
                    { "start": { "line": 44, "column": 33 }, "end": { "line": 44, "column": 56 } }
                ],
                "line": 44
            },
            "10": {
                "loc": {
                    "start": { "line": 47, "column": 12 },
                    "end": { "line": 51, "column": null }
                },
                "type": "if",
                "locations": [
                    {
                        "start": { "line": 47, "column": 12 },
                        "end": { "line": 51, "column": null }
                    },
                    { "start": { "line": 49, "column": 19 }, "end": { "line": 51, "column": null } }
                ],
                "line": 47
            },
            "11": {
                "loc": {
                    "start": { "line": 52, "column": 12 },
                    "end": { "line": 55, "column": null }
                },
                "type": "if",
                "locations": [
                    {
                        "start": { "line": 52, "column": 12 },
                        "end": { "line": 55, "column": null }
                    },
                    { "start": {}, "end": {} }
                ],
                "line": 52
            },
            "12": {
                "loc": {
                    "start": { "line": 59, "column": 11 },
                    "end": { "line": 59, "column": null }
                },
                "type": "cond-expr",
                "locations": [
                    { "start": { "line": 59, "column": 39 }, "end": { "line": 59, "column": 48 } },
                    { "start": { "line": 59, "column": 48 }, "end": { "line": 59, "column": null } }
                ],
                "line": 59
            }
        },
        "s": {
            "0": 17,
            "1": 0,
            "2": 17,
            "3": 38,
            "4": 38,
            "5": 8,
            "6": 8,
            "7": 8,
            "8": 104,
            "9": 23,
            "10": 8,
            "11": 0,
            "12": 0,
            "13": 0,
            "14": 0,
            "15": 0,
            "16": 0,
            "17": 0,
            "18": 0,
            "19": 0,
            "20": 58,
            "21": 3,
            "22": 55,
            "23": 0,
            "24": 55,
            "25": 100,
            "26": 55,
            "27": 55,
            "28": 55,
            "29": 55,
            "30": 55,
            "31": 155,
            "32": 99,
            "33": 56,
            "34": 5,
            "35": 51,
            "36": 56,
            "37": 1,
            "38": 1,
            "39": 55,
            "40": 55
        },
        "f": { "0": 17, "1": 38, "2": 8, "3": 0, "4": 0, "5": 58, "6": 100 },
        "b": {
            "0": [0, 17],
            "1": [38, 0],
            "2": [23, 81],
            "3": [0, 0],
            "4": [0, 0],
            "5": [3, 55],
            "6": [58, 58],
            "7": [0, 55],
            "8": [99, 56],
            "9": [155, 100],
            "10": [5, 51],
            "11": [1, 55],
            "12": [4, 51]
        },
        "meta": {
            "lastBranch": 13,
            "lastFunction": 7,
            "lastStatement": 41,
            "seen": {
                "f:2:16:2:31": 0,
                "b:3:4:3:Infinity:undefined:undefined:undefined:undefined": 0,
                "s:3:4:3:Infinity": 0,
                "s:3:31:3:Infinity": 1,
                "s:4:4:7:Infinity": 2,
                "f:4:17:4:33": 1,
                "s:5:32:5:Infinity": 3,
                "b:5:59:5:66:5:66:5:Infinity": 1,
                "s:6:8:6:Infinity": 4,
                "f:11:16:11:31": 2,
                "s:12:28:12:Infinity": 5,
                "s:13:4:17:Infinity": 6,
                "s:13:20:13:23": 7,
                "b:14:8:16:Infinity:undefined:undefined:undefined:undefined": 2,
                "s:14:8:16:Infinity": 8,
                "s:15:12:15:Infinity": 9,
                "s:18:4:18:Infinity": 10,
                "f:22:16:22:32": 3,
                "b:23:4:23:Infinity:undefined:undefined:undefined:undefined": 3,
                "s:23:4:23:Infinity": 11,
                "s:23:16:23:Infinity": 12,
                "s:24:4:30:Infinity": 13,
                "s:25:23:25:Infinity": 14,
                "b:26:8:26:Infinity:undefined:undefined:undefined:undefined": 4,
                "s:26:8:26:Infinity": 15,
                "s:26:36:26:Infinity": 16,
                "s:27:8:27:Infinity": 17,
                "f:27:22:27:27": 4,
                "s:27:33:27:42": 18,
                "s:29:8:29:Infinity": 19,
                "f:34:16:34:35": 5,
                "b:35:4:35:Infinity:undefined:undefined:undefined:undefined": 5,
                "s:35:4:35:Infinity": 20,
                "b:35:8:35:26:35:26:35:54": 6,
                "s:35:54:35:Infinity": 21,
                "b:36:4:36:Infinity:undefined:undefined:undefined:undefined": 7,
                "s:36:4:36:Infinity": 22,
                "s:36:37:36:Infinity": 23,
                "s:38:19:38:Infinity": 24,
                "f:38:38:38:44": 6,
                "s:38:53:38:58": 25,
                "s:39:29:39:Infinity": 26,
                "s:40:16:40:Infinity": 27,
                "s:41:14:41:Infinity": 28,
                "s:43:4:57:Infinity": 29,
                "s:43:17:43:20": 30,
                "b:44:8:56:Infinity:46:15:56:Infinity": 8,
                "s:44:8:56:Infinity": 31,
                "b:44:12:44:33:44:33:44:56": 9,
                "s:45:12:45:Infinity": 32,
                "b:47:12:51:Infinity:49:19:51:Infinity": 10,
                "s:47:12:51:Infinity": 33,
                "s:48:16:48:Infinity": 34,
                "s:50:16:50:Infinity": 35,
                "b:52:12:55:Infinity:undefined:undefined:undefined:undefined": 11,
                "s:52:12:55:Infinity": 36,
                "s:53:16:53:Infinity": 37,
                "s:54:16:54:Infinity": 38,
                "s:58:19:58:Infinity": 39,
                "s:59:4:59:Infinity": 40,
                "b:59:39:59:48:59:48:59:Infinity": 12
            },
            "fnNames": {}
        }
    }
}
